0 verbose cli /home/ubuntu/.nvm/versions/node/v20.4.0/bin/node /home/ubuntu/.nvm/versions/node/v20.4.0/bin/npm
1 info using npm@9.7.2
2 info using node@v20.4.0
3 timing npm:load:whichnode Completed in 23ms
4 timing config:load:defaults Completed in 5ms
5 timing config:load:file:/home/ubuntu/.nvm/versions/node/v20.4.0/lib/node_modules/npm/npmrc Completed in 4ms
6 timing config:load:builtin Completed in 4ms
7 timing config:load:cli Completed in 3ms
8 timing config:load:env Completed in 0ms
9 timing config:load:project Completed in 4ms
10 timing config:load:file:/home/ubuntu/.npmrc Completed in 4ms
11 timing config:load:user Completed in 4ms
12 timing config:load:file:/home/ubuntu/.nvm/versions/node/v20.4.0/etc/npmrc Completed in 0ms
13 timing config:load:global Completed in 0ms
14 timing config:load:setEnvs Completed in 1ms
15 timing config:load Completed in 22ms
16 timing npm:load:configload Completed in 22ms
17 timing config:load:flatten Completed in 7ms
18 timing npm:load:mkdirpcache Completed in 6ms
19 timing npm:load:mkdirplogs Completed in 0ms
20 verbose title npm install pm2@4.0.0
21 verbose argv "install" "pm2@4.0.0" "--global"
22 timing npm:load:setTitle Completed in 1ms
23 timing npm:load:display Completed in 1ms
24 verbose logfile logs-max:10 dir:/home/ubuntu/.npm/_logs/2023-08-02T13_36_31_201Z-
25 verbose logfile /home/ubuntu/.npm/_logs/2023-08-02T13_36_31_201Z-debug-0.log
26 timing npm:load:logFile Completed in 22ms
27 timing npm:load:timers Completed in 0ms
28 timing npm:load:configScope Completed in 0ms
29 timing npm:load Completed in 108ms
30 timing config:load:flatten Completed in 1ms
31 timing arborist:ctor Completed in 0ms
32 silly logfile done cleaning log files
33 timing idealTree:init Completed in 17ms
34 timing idealTree:userRequests Completed in 8ms
35 silly idealTree buildDeps
36 silly fetch manifest pm2@4.0.0
37 http fetch GET 200 https://registry.npmjs.org/pm2 150ms (cache revalidated)
38 silly placeDep ROOT pm2@4.0.0 OK for:  want: 4.0.0
39 silly fetch manifest @pm2/agent@^0.5.26
40 silly fetch manifest @pm2/io@^4.3.2
41 silly fetch manifest @pm2/js-api@^0.5.60
42 silly fetch manifest async@^3.1.0
43 silly fetch manifest blessed@0.1.81
44 silly fetch manifest chalk@2.4.2
45 silly fetch manifest chokidar@^3.2.0
46 silly fetch manifest cli-table-redemption@1.0.1
47 silly fetch manifest commander@2.15.1
48 silly fetch manifest cron@1.7.1
49 silly fetch manifest date-fns@1.30.1
50 silly fetch manifest debug@4.1.1
51 silly fetch manifest eventemitter2@5.0.1
52 silly fetch manifest fclone@1.0.11
53 silly fetch manifest mkdirp@0.5.1
54 silly fetch manifest moment@2.24.0
55 silly fetch manifest needle@2.4.0
56 silly fetch manifest pidusage@2.0.17
57 silly fetch manifest pm2-axon@3.3.0
58 silly fetch manifest pm2-axon-rpc@0.5.1
59 silly fetch manifest pm2-deploy@^0.4.0
60 silly fetch manifest pm2-multimeter@^0.1.2
61 silly fetch manifest promptly@^2
62 silly fetch manifest lodash@4.17.14
63 silly fetch manifest ps-list@6.3.0
64 silly fetch manifest semver@^5.5
65 silly fetch manifest shelljs@0.8.3
66 silly fetch manifest source-map-support@0.5.12
67 silly fetch manifest sprintf-js@1.1.2
68 silly fetch manifest systeminformation@^4.14.11
69 silly fetch manifest vizion@~2.0.2
70 silly fetch manifest yamljs@0.3.0
71 http fetch GET 200 https://registry.npmjs.org/async 202ms (cache hit)
72 http fetch GET 200 https://registry.npmjs.org/blessed 205ms (cache hit)
73 http fetch GET 200 https://registry.npmjs.org/@pm2%2fagent 210ms (cache hit)
74 http fetch GET 200 https://registry.npmjs.org/@pm2%2fio 219ms (cache hit)
75 http fetch GET 200 https://registry.npmjs.org/cli-table-redemption 223ms (cache hit)
76 http fetch GET 200 https://registry.npmjs.org/cron 220ms (cache hit)
77 http fetch GET 200 https://registry.npmjs.org/@pm2%2fjs-api 229ms (cache hit)
78 http fetch GET 200 https://registry.npmjs.org/chalk 233ms (cache hit)
79 http fetch GET 200 https://registry.npmjs.org/chokidar 234ms (cache hit)
80 http fetch GET 200 https://registry.npmjs.org/date-fns 234ms (cache hit)
81 http fetch GET 200 https://registry.npmjs.org/commander 245ms (cache hit)
82 http fetch GET 200 https://registry.npmjs.org/debug 247ms (cache hit)
83 http fetch GET 200 https://registry.npmjs.org/moment 248ms (cache hit)
84 http fetch GET 200 https://registry.npmjs.org/ps-list 245ms (cache hit)
85 http fetch GET 200 https://registry.npmjs.org/shelljs 247ms (cache hit)
86 http fetch GET 200 https://registry.npmjs.org/pidusage 255ms (cache hit)
87 http fetch GET 200 https://registry.npmjs.org/eventemitter2 259ms (cache hit)
88 http fetch GET 200 https://registry.npmjs.org/mkdirp 259ms (cache hit)
89 http fetch GET 200 https://registry.npmjs.org/pm2-axon-rpc 261ms (cache hit)
90 http fetch GET 200 https://registry.npmjs.org/fclone 266ms (cache hit)
91 http fetch GET 200 https://registry.npmjs.org/pm2-deploy 262ms (cache hit)
92 http fetch GET 200 https://registry.npmjs.org/sprintf-js 254ms (cache hit)
93 http fetch GET 200 https://registry.npmjs.org/pm2-axon 266ms (cache hit)
94 http fetch GET 200 https://registry.npmjs.org/pm2-multimeter 264ms (cache hit)
95 http fetch GET 200 https://registry.npmjs.org/promptly 264ms (cache hit)
96 http fetch GET 200 https://registry.npmjs.org/source-map-support 258ms (cache hit)
97 http fetch GET 200 https://registry.npmjs.org/semver 263ms (cache hit)
98 http fetch GET 200 https://registry.npmjs.org/vizion 280ms (cache hit)
99 http fetch GET 200 https://registry.npmjs.org/yamljs 288ms (cache hit)
100 http fetch GET 200 https://registry.npmjs.org/lodash 300ms (cache hit)
101 http fetch GET 200 https://registry.npmjs.org/systeminformation 295ms (cache hit)
102 http fetch GET 200 https://registry.npmjs.org/needle 343ms (cache hit)
103 timing idealTree:#root Completed in 534ms
104 silly placeDep node_modules/pm2 @pm2/agent@0.5.26 OK for: pm2@4.0.0 want: ^0.5.26
105 silly fetch manifest async@^2.6.0
106 silly fetch manifest chalk@^2.3.2
107 silly fetch manifest eventemitter2@^5.0.1
108 silly fetch manifest fclone@^1.0.11
109 silly fetch manifest moment@^2.21.0
110 silly fetch manifest nssocket@^0.6.0
111 silly fetch manifest pm2-axon@^3.2.0
112 silly fetch manifest pm2-axon-rpc@^0.5.0
113 silly fetch manifest proxy-agent@^3.1.0
114 silly fetch manifest semver@^5.5.0
115 silly fetch manifest ws@^5.1.0
116 silly placeDep node_modules/pm2 @pm2/io@4.3.5 OK for: pm2@4.0.0 want: ^4.3.2
117 silly fetch manifest @opencensus/core@0.0.9
118 silly fetch manifest @opencensus/propagation-b3@0.0.8
119 silly fetch manifest @pm2/agent-node@^1.1.10
120 silly fetch manifest async@~2.6.1
121 silly fetch manifest eventemitter2@^6.3.1
122 silly fetch manifest require-in-the-middle@^5.0.0
123 silly fetch manifest semver@6.3.0
124 silly fetch manifest shimmer@^1.2.0
125 silly fetch manifest signal-exit@^3.0.3
126 silly fetch manifest tslib@1.9.3
127 silly placeDep node_modules/pm2 @pm2/js-api@0.5.63 OK for: pm2@4.0.0 want: ^0.5.60
128 silly fetch manifest async@^2.6.3
129 silly fetch manifest axios@^0.19.0
130 silly fetch manifest debug@^2.6.8
131 silly fetch manifest eventemitter2@^4.1.0
132 silly fetch manifest ws@^3.0.0
133 silly placeDep node_modules/pm2 async@3.2.4 OK for: pm2@4.0.0 want: ^3.1.0
134 silly placeDep node_modules/pm2 blessed@0.1.81 OK for: pm2@4.0.0 want: 0.1.81
135 silly placeDep node_modules/pm2 chalk@2.4.2 OK for: pm2@4.0.0 want: 2.4.2
136 silly fetch manifest ansi-styles@^3.2.1
137 silly fetch manifest escape-string-regexp@^1.0.5
138 silly fetch manifest supports-color@^5.3.0
139 silly placeDep node_modules/pm2 chokidar@3.5.3 OK for: pm2@4.0.0 want: ^3.2.0
140 silly fetch manifest anymatch@~3.1.2
141 silly fetch manifest braces@~3.0.2
142 silly fetch manifest glob-parent@~5.1.2
143 silly fetch manifest is-binary-path@~2.1.0
144 silly fetch manifest is-glob@~4.0.1
145 silly fetch manifest normalize-path@~3.0.0
146 silly fetch manifest readdirp@~3.6.0
147 silly fetch manifest fsevents@~2.3.2
148 silly placeDep node_modules/pm2 cli-table-redemption@1.0.1 OK for: pm2@4.0.0 want: 1.0.1
149 silly fetch manifest chalk@^1.1.3
150 silly placeDep node_modules/pm2 commander@2.15.1 OK for: pm2@4.0.0 want: 2.15.1
151 silly placeDep node_modules/pm2 cron@1.7.1 OK for: pm2@4.0.0 want: 1.7.1
152 silly fetch manifest moment-timezone@^0.5.x
153 silly placeDep node_modules/pm2 date-fns@1.30.1 OK for: pm2@4.0.0 want: 1.30.1
154 silly placeDep node_modules/pm2 debug@4.1.1 OK for: pm2@4.0.0 want: 4.1.1
155 silly fetch manifest ms@^2.1.1
156 silly placeDep node_modules/pm2 eventemitter2@5.0.1 OK for: pm2@4.0.0 want: 5.0.1
157 silly placeDep node_modules/pm2 fclone@1.0.11 OK for: pm2@4.0.0 want: 1.0.11
158 silly placeDep node_modules/pm2 lodash@4.17.14 OK for: pm2@4.0.0 want: 4.17.14
159 silly placeDep node_modules/pm2 mkdirp@0.5.1 OK for: pm2@4.0.0 want: 0.5.1
160 silly fetch manifest minimist@0.0.8
161 silly placeDep node_modules/pm2 moment@2.24.0 OK for: pm2@4.0.0 want: 2.24.0
162 silly placeDep node_modules/pm2 needle@2.4.0 OK for: pm2@4.0.0 want: 2.4.0
163 silly fetch manifest debug@^3.2.6
164 silly fetch manifest iconv-lite@^0.4.4
165 silly fetch manifest sax@^1.2.4
166 silly placeDep node_modules/pm2 pidusage@2.0.17 OK for: pm2@4.0.0 want: 2.0.17
167 silly fetch manifest safe-buffer@^5.1.2
168 silly placeDep node_modules/pm2 pm2-axon@3.3.0 OK for: pm2@4.0.0 want: 3.3.0
169 silly fetch manifest debug@^3.0
170 silly fetch manifest escape-regexp@0.0.1
171 silly fetch manifest amp-message@~0.1.1
172 silly fetch manifest amp@~0.3.1
173 silly placeDep node_modules/pm2 pm2-axon-rpc@0.5.1 OK for: pm2@4.0.0 want: 0.5.1
174 silly placeDep node_modules/pm2 pm2-deploy@0.4.0 OK for: pm2@4.0.0 want: ^0.4.0
175 silly fetch manifest async@^2.6
176 silly fetch manifest tv4@^1.3
177 silly placeDep node_modules/pm2 pm2-multimeter@0.1.2 OK for: pm2@4.0.0 want: ^0.1.2
178 silly fetch manifest charm@~0.1.1
179 silly placeDep node_modules/pm2 promptly@2.2.0 OK for: pm2@4.0.0 want: ^2
180 silly fetch manifest read@^1.0.4
181 silly placeDep node_modules/pm2 ps-list@6.3.0 OK for: pm2@4.0.0 want: 6.3.0
182 silly placeDep node_modules/pm2 semver@5.7.2 OK for: pm2@4.0.0 want: ^5.5
183 silly placeDep node_modules/pm2 shelljs@0.8.3 OK for: pm2@4.0.0 want: 0.8.3
184 silly fetch manifest glob@^7.0.0
185 silly fetch manifest interpret@^1.0.0
186 silly fetch manifest rechoir@^0.6.2
187 silly placeDep node_modules/pm2 source-map-support@0.5.12 OK for: pm2@4.0.0 want: 0.5.12
188 silly fetch manifest buffer-from@^1.0.0
189 silly fetch manifest source-map@^0.6.0
190 silly placeDep node_modules/pm2 sprintf-js@1.1.2 OK for: pm2@4.0.0 want: 1.1.2
191 silly placeDep node_modules/pm2 systeminformation@4.34.23 OK for: pm2@4.0.0 want: ^4.14.11
192 silly placeDep node_modules/pm2 vizion@2.0.2 OK for: pm2@4.0.0 want: ~2.0.2
193 silly fetch manifest async@2.6.1
194 silly fetch manifest git-node-fs@^1.0.0
195 silly fetch manifest ini@^1.3.4
196 silly fetch manifest js-git@^0.7.8
197 silly fetch manifest lodash.findindex@^4.6.0
198 silly fetch manifest lodash.foreach@^4.5.0
199 silly fetch manifest lodash.get@^4.4.2
200 silly fetch manifest lodash.last@^3.0.0
201 silly placeDep node_modules/pm2 yamljs@0.3.0 OK for: pm2@4.0.0 want: 0.3.0
202 silly fetch manifest argparse@^1.0.7
203 silly fetch manifest glob@^7.0.5
204 http fetch GET 200 https://registry.npmjs.org/lodash.findindex 184ms (cache hit)
205 http fetch GET 200 https://registry.npmjs.org/ansi-styles 269ms (cache hit)
206 http fetch GET 200 https://registry.npmjs.org/escape-string-regexp 291ms (cache hit)
207 http fetch GET 200 https://registry.npmjs.org/interpret 262ms (cache hit)
208 http fetch GET 200 https://registry.npmjs.org/amp 280ms (cache hit)
209 http fetch GET 200 https://registry.npmjs.org/charm 275ms (cache hit)
210 http fetch GET 200 https://registry.npmjs.org/read 273ms (cache hit)
211 http fetch GET 200 https://registry.npmjs.org/rechoir 272ms (cache hit)
212 http fetch GET 200 https://registry.npmjs.org/lodash.foreach 260ms (cache hit)
213 http fetch GET 200 https://registry.npmjs.org/lodash.get 260ms (cache hit)
214 http fetch GET 200 https://registry.npmjs.org/lodash.last 261ms (cache hit)
215 http fetch GET 200 https://registry.npmjs.org/glob 278ms (cache hit)
216 http fetch GET 200 https://registry.npmjs.org/tv4 303ms (cache hit)
217 http fetch GET 200 https://registry.npmjs.org/ini 288ms (cache hit)
218 http fetch GET 200 https://registry.npmjs.org/git-node-fs 288ms (cache hit)
219 http fetch GET 200 https://registry.npmjs.org/source-map 293ms (cache hit)
220 http fetch GET 200 https://registry.npmjs.org/js-git 289ms (cache hit)
221 http fetch GET 200 https://registry.npmjs.org/buffer-from 295ms (cache hit)
222 http fetch GET 200 https://registry.npmjs.org/amp-message 377ms (cache hit)
223 http fetch GET 200 https://registry.npmjs.org/glob 382ms (cache hit)
224 http fetch GET 200 https://registry.npmjs.org/@pm2%2fagent-node 490ms (cache hit)
225 http fetch GET 200 https://registry.npmjs.org/signal-exit 482ms (cache hit)
226 http fetch GET 200 https://registry.npmjs.org/nssocket 502ms (cache hit)
227 http fetch GET 200 https://registry.npmjs.org/ws 503ms (cache hit)
228 http fetch GET 200 https://registry.npmjs.org/require-in-the-middle 498ms (cache hit)
229 http fetch GET 200 https://registry.npmjs.org/@opencensus%2fpropagation-b3 510ms (cache hit)
230 http fetch GET 200 https://registry.npmjs.org/@opencensus%2fcore 510ms (cache hit)
231 http fetch GET 200 https://registry.npmjs.org/shimmer 500ms (cache hit)
232 http fetch GET 200 https://registry.npmjs.org/argparse 410ms (cache hit)
233 http fetch GET 200 https://registry.npmjs.org/axios 494ms (cache hit)
234 http fetch GET 200 https://registry.npmjs.org/tslib 507ms (cache hit)
235 http fetch GET 200 https://registry.npmjs.org/proxy-agent 524ms (cache hit)
236 http fetch GET 200 https://registry.npmjs.org/ws 513ms (cache hit)
237 http fetch GET 200 https://registry.npmjs.org/ms 491ms (cache hit)
238 http fetch GET 200 https://registry.npmjs.org/safe-buffer 484ms (cache hit)
239 http fetch GET 200 https://registry.npmjs.org/supports-color 511ms (cache hit)
240 http fetch GET 200 https://registry.npmjs.org/iconv-lite 490ms (cache hit)
241 http fetch GET 200 https://registry.npmjs.org/sax 494ms (cache hit)
242 http fetch GET 200 https://registry.npmjs.org/anymatch 519ms (cache hit)
243 http fetch GET 200 https://registry.npmjs.org/is-binary-path 516ms (cache hit)
244 http fetch GET 200 https://registry.npmjs.org/is-glob 515ms (cache hit)
245 http fetch GET 200 https://registry.npmjs.org/readdirp 514ms (cache hit)
246 http fetch GET 200 https://registry.npmjs.org/braces 521ms (cache hit)
247 http fetch GET 200 https://registry.npmjs.org/glob-parent 521ms (cache hit)
248 http fetch GET 200 https://registry.npmjs.org/normalize-path 517ms (cache hit)
249 http fetch GET 200 https://registry.npmjs.org/fsevents 516ms (cache hit)
250 http fetch GET 200 https://registry.npmjs.org/moment-timezone 514ms (cache hit)
251 http fetch GET 200 https://registry.npmjs.org/minimist 506ms (cache hit)
252 http fetch GET 200 https://registry.npmjs.org/escape-regexp 499ms (cache hit)
253 timing idealTree:node_modules/pm2 Completed in 628ms
254 silly placeDep node_modules/pm2/node_modules/@pm2/agent async@2.6.4 OK for: @pm2/agent@0.5.26 want: ^2.6.0
255 silly placeDep node_modules/pm2 nssocket@0.6.0 OK for: @pm2/agent@0.5.26 want: ^0.6.0
256 silly fetch manifest eventemitter2@~0.4.14
257 silly fetch manifest lazy@~1.0.11
258 silly placeDep node_modules/pm2 proxy-agent@3.1.1 OK for: @pm2/agent@0.5.26 want: ^3.1.0
259 silly fetch manifest agent-base@^4.2.0
260 silly fetch manifest http-proxy-agent@^2.1.0
261 silly fetch manifest https-proxy-agent@^3.0.0
262 silly fetch manifest lru-cache@^5.1.1
263 silly fetch manifest pac-proxy-agent@^3.0.1
264 silly fetch manifest proxy-from-env@^1.0.0
265 silly fetch manifest socks-proxy-agent@^4.0.1
266 silly placeDep node_modules/pm2 ws@5.2.3 OK for: @pm2/agent@0.5.26 want: ^5.1.0
267 silly fetch manifest async-limiter@~1.0.0
268 http fetch GET 200 https://registry.npmjs.org/lazy 76ms (cache hit)
269 http fetch GET 200 https://registry.npmjs.org/https-proxy-agent 71ms (cache hit)
270 http fetch GET 200 https://registry.npmjs.org/http-proxy-agent 72ms (cache hit)
271 http fetch GET 200 https://registry.npmjs.org/agent-base 75ms (cache hit)
272 http fetch GET 200 https://registry.npmjs.org/pac-proxy-agent 71ms (cache hit)
273 http fetch GET 200 https://registry.npmjs.org/proxy-from-env 72ms (cache hit)
274 http fetch GET 200 https://registry.npmjs.org/socks-proxy-agent 71ms (cache hit)
275 http fetch GET 200 https://registry.npmjs.org/lru-cache 75ms (cache hit)
276 http fetch GET 200 https://registry.npmjs.org/async-limiter 78ms (cache hit)
277 timing idealTree:node_modules/pm2/node_modules/@pm2/agent Completed in 95ms
278 silly placeDep node_modules/pm2 @opencensus/core@0.0.9 OK for: @pm2/io@4.3.5 want: 0.0.9
279 silly fetch manifest continuation-local-storage@^3.2.1
280 silly fetch manifest log-driver@^1.2.7
281 silly fetch manifest uuid@^3.2.1
282 silly placeDep node_modules/pm2 @opencensus/propagation-b3@0.0.8 OK for: @pm2/io@4.3.5 want: 0.0.8
283 silly fetch manifest @opencensus/core@^0.0.8
284 silly placeDep node_modules/pm2 @pm2/agent-node@1.1.10 OK for: @pm2/io@4.3.5 want: ^1.1.10
285 silly fetch manifest debug@^3.1.0
286 silly fetch manifest ws@^6.0.0
287 silly placeDep node_modules/pm2/node_modules/@pm2/io async@2.6.4 OK for: @pm2/io@4.3.5 want: ~2.6.1
288 silly placeDep node_modules/pm2/node_modules/@pm2/io eventemitter2@6.4.9 OK for: @pm2/io@4.3.5 want: ^6.3.1
289 silly placeDep node_modules/pm2 require-in-the-middle@5.2.0 OK for: @pm2/io@4.3.5 want: ^5.0.0
290 silly fetch manifest module-details-from-path@^1.0.3
291 silly fetch manifest resolve@^1.22.1
292 silly placeDep node_modules/pm2/node_modules/@pm2/io semver@6.3.0 OK for: @pm2/io@4.3.5 want: 6.3.0
293 silly placeDep node_modules/pm2 shimmer@1.2.1 OK for: @pm2/io@4.3.5 want: ^1.2.0
294 silly placeDep node_modules/pm2 signal-exit@3.0.7 OK for: @pm2/io@4.3.5 want: ^3.0.3
295 silly placeDep node_modules/pm2 tslib@1.9.3 OK for: @pm2/io@4.3.5 want: 1.9.3
296 http fetch GET 200 https://registry.npmjs.org/uuid 62ms (cache hit)
297 http fetch GET 200 https://registry.npmjs.org/continuation-local-storage 67ms (cache hit)
298 http fetch GET 200 https://registry.npmjs.org/log-driver 67ms (cache hit)
299 http fetch GET 200 https://registry.npmjs.org/module-details-from-path 50ms (cache hit)
300 http fetch GET 200 https://registry.npmjs.org/resolve 48ms (cache hit)
301 timing idealTree:node_modules/pm2/node_modules/@pm2/io Completed in 91ms
302 silly placeDep node_modules/pm2 continuation-local-storage@3.2.1 OK for: @opencensus/core@0.0.9 want: ^3.2.1
303 silly fetch manifest async-listener@^0.6.0
304 silly fetch manifest emitter-listener@^1.1.1
305 silly placeDep node_modules/pm2 log-driver@1.2.7 OK for: @opencensus/core@0.0.9 want: ^1.2.7
306 silly placeDep node_modules/pm2 uuid@3.4.0 OK for: @opencensus/core@0.0.9 want: ^3.2.1
307 http fetch GET 200 https://registry.npmjs.org/async-listener 23ms (cache hit)
308 http fetch GET 200 https://registry.npmjs.org/emitter-listener 22ms (cache hit)
309 timing idealTree:node_modules/pm2/node_modules/@opencensus/core Completed in 31ms
310 silly placeDep node_modules/pm2/node_modules/@opencensus/propagation-b3 @opencensus/core@0.0.8 OK for: @opencensus/propagation-b3@0.0.8 want: ^0.0.8
311 timing idealTree:node_modules/pm2/node_modules/@opencensus/propagation-b3 Completed in 2ms
312 silly placeDep node_modules/pm2/node_modules/@pm2/agent-node debug@3.2.7 OK for: @pm2/agent-node@1.1.10 want: ^3.1.0
313 silly placeDep node_modules/pm2/node_modules/@pm2/agent-node ws@6.2.2 OK for: @pm2/agent-node@1.1.10 want: ^6.0.0
314 timing idealTree:node_modules/pm2/node_modules/@pm2/agent-node Completed in 3ms
315 silly placeDep node_modules/pm2/node_modules/@pm2/js-api async@2.6.4 OK for: @pm2/js-api@0.5.63 want: ^2.6.3
316 silly placeDep node_modules/pm2 axios@0.19.2 OK for: @pm2/js-api@0.5.63 want: ^0.19.0
317 silly fetch manifest follow-redirects@1.5.10
318 silly placeDep node_modules/pm2/node_modules/@pm2/js-api debug@2.6.9 OK for: @pm2/js-api@0.5.63 want: ^2.6.8
319 silly fetch manifest ms@2.0.0
320 silly placeDep node_modules/pm2/node_modules/@pm2/js-api eventemitter2@4.1.2 OK for: @pm2/js-api@0.5.63 want: ^4.1.0
321 silly placeDep node_modules/pm2/node_modules/@pm2/js-api ws@3.3.3 OK for: @pm2/js-api@0.5.63 want: ^3.0.0
322 silly fetch manifest safe-buffer@~5.1.0
323 silly fetch manifest ultron@~1.1.0
324 http fetch GET 200 https://registry.npmjs.org/ultron 17ms (cache hit)
325 http fetch GET 200 https://registry.npmjs.org/follow-redirects 26ms (cache hit)
326 timing idealTree:node_modules/pm2/node_modules/@pm2/js-api Completed in 31ms
327 timing idealTree:node_modules/pm2/node_modules/async Completed in 0ms
328 silly placeDep node_modules/pm2 follow-redirects@1.5.10 OK for: axios@0.19.2 want: 1.5.10
329 silly fetch manifest debug@=3.1.0
330 timing idealTree:node_modules/pm2/node_modules/axios Completed in 1ms
331 timing idealTree:node_modules/pm2/node_modules/blessed Completed in 0ms
332 silly placeDep node_modules/pm2 ansi-styles@3.2.1 OK for: chalk@2.4.2 want: ^3.2.1
333 silly fetch manifest color-convert@^1.9.0
334 silly placeDep node_modules/pm2 escape-string-regexp@1.0.5 OK for: chalk@2.4.2 want: ^1.0.5
335 silly placeDep node_modules/pm2 supports-color@5.5.0 OK for: chalk@2.4.2 want: ^5.3.0
336 silly fetch manifest has-flag@^3.0.0
337 http fetch GET 200 https://registry.npmjs.org/has-flag 73ms (cache hit)
338 http fetch GET 200 https://registry.npmjs.org/color-convert 75ms (cache hit)
339 timing idealTree:node_modules/pm2/node_modules/chalk Completed in 83ms
340 silly placeDep node_modules/pm2 color-convert@1.9.3 OK for: ansi-styles@3.2.1 want: ^1.9.0
341 silly fetch manifest color-name@1.1.3
342 http fetch GET 200 https://registry.npmjs.org/color-name 4ms (cache hit)
343 timing idealTree:node_modules/pm2/node_modules/ansi-styles Completed in 12ms
344 silly placeDep node_modules/pm2 anymatch@3.1.3 OK for: chokidar@3.5.3 want: ~3.1.2
345 silly fetch manifest normalize-path@^3.0.0
346 silly fetch manifest picomatch@^2.0.4
347 silly placeDep node_modules/pm2 braces@3.0.2 OK for: chokidar@3.5.3 want: ~3.0.2
348 silly fetch manifest fill-range@^7.0.1
349 silly placeDep node_modules/pm2 fsevents@2.3.2 OK for: chokidar@3.5.3 want: ~2.3.2
350 silly placeDep node_modules/pm2 glob-parent@5.1.2 OK for: chokidar@3.5.3 want: ~5.1.2
351 silly fetch manifest is-glob@^4.0.1
352 silly placeDep node_modules/pm2 is-binary-path@2.1.0 OK for: chokidar@3.5.3 want: ~2.1.0
353 silly fetch manifest binary-extensions@^2.0.0
354 silly placeDep node_modules/pm2 is-glob@4.0.3 OK for: chokidar@3.5.3 want: ~4.0.1
355 silly fetch manifest is-extglob@^2.1.1
356 silly placeDep node_modules/pm2 normalize-path@3.0.0 OK for: chokidar@3.5.3 want: ~3.0.0
357 silly placeDep node_modules/pm2 readdirp@3.6.0 OK for: chokidar@3.5.3 want: ~3.6.0
358 silly fetch manifest picomatch@^2.2.1
359 http fetch GET 200 https://registry.npmjs.org/picomatch 54ms (cache hit)
360 http fetch GET 200 https://registry.npmjs.org/picomatch 35ms (cache hit)
361 http fetch GET 200 https://registry.npmjs.org/binary-extensions 45ms (cache hit)
362 http fetch GET 200 https://registry.npmjs.org/fill-range 50ms (cache hit)
363 http fetch GET 200 https://registry.npmjs.org/is-extglob 44ms (cache hit)
364 timing idealTree:node_modules/pm2/node_modules/chokidar Completed in 66ms
365 silly placeDep node_modules/pm2 picomatch@2.3.1 OK for: anymatch@3.1.3 want: ^2.0.4
366 timing idealTree:node_modules/pm2/node_modules/anymatch Completed in 1ms
367 silly placeDep node_modules/pm2 fill-range@7.0.1 OK for: braces@3.0.2 want: ^7.0.1
368 silly fetch manifest to-regex-range@^5.0.1
369 http fetch GET 200 https://registry.npmjs.org/to-regex-range 16ms (cache hit)
370 timing idealTree:node_modules/pm2/node_modules/braces Completed in 21ms
371 silly placeDep node_modules/pm2/node_modules/cli-table-redemption chalk@1.1.3 OK for: cli-table-redemption@1.0.1 want: ^1.1.3
372 silly fetch manifest ansi-styles@^2.2.1
373 silly fetch manifest has-ansi@^2.0.0
374 silly fetch manifest strip-ansi@^3.0.0
375 silly fetch manifest supports-color@^2.0.0
376 http fetch GET 200 https://registry.npmjs.org/has-ansi 24ms (cache hit)
377 http fetch GET 200 https://registry.npmjs.org/strip-ansi 23ms (cache hit)
378 timing idealTree:node_modules/pm2/node_modules/cli-table-redemption Completed in 32ms
379 silly placeDep node_modules/pm2 color-name@1.1.3 OK for: color-convert@1.9.3 want: 1.1.3
380 timing idealTree:node_modules/pm2/node_modules/color-convert Completed in 1ms
381 timing idealTree:node_modules/pm2/node_modules/color-name Completed in 0ms
382 timing idealTree:node_modules/pm2/node_modules/commander Completed in 0ms
383 silly placeDep node_modules/pm2 async-listener@0.6.10 OK for: continuation-local-storage@3.2.1 want: ^0.6.0
384 silly placeDep node_modules/pm2 emitter-listener@1.1.2 OK for: continuation-local-storage@3.2.1 want: ^1.1.1
385 timing idealTree:node_modules/pm2/node_modules/continuation-local-storage Completed in 7ms
386 timing idealTree:node_modules/pm2/node_modules/async-listener Completed in 0ms
387 silly placeDep node_modules/pm2 moment-timezone@0.5.43 OK for: cron@1.7.1 want: ^0.5.x
388 silly fetch manifest moment@^2.29.4
389 timing idealTree:node_modules/pm2/node_modules/cron Completed in 10ms
390 timing idealTree:node_modules/pm2/node_modules/date-fns Completed in 0ms
391 silly placeDep node_modules/pm2 ms@2.1.3 OK for: debug@4.1.1 want: ^2.1.1
392 timing idealTree:node_modules/pm2/node_modules/debug Completed in 1ms
393 timing idealTree:node_modules/pm2/node_modules/emitter-listener Completed in 0ms
394 timing idealTree:node_modules/pm2/node_modules/escape-string-regexp Completed in 0ms
395 timing idealTree:node_modules/pm2/node_modules/eventemitter2 Completed in 0ms
396 timing idealTree:node_modules/pm2/node_modules/fclone Completed in 0ms
397 silly placeDep node_modules/pm2 to-regex-range@5.0.1 OK for: fill-range@7.0.1 want: ^5.0.1
398 silly fetch manifest is-number@^7.0.0
399 http fetch GET 200 https://registry.npmjs.org/is-number 30ms (cache hit)
400 timing idealTree:node_modules/pm2/node_modules/fill-range Completed in 34ms
401 silly placeDep node_modules/pm2/node_modules/follow-redirects debug@3.1.0 OK for: follow-redirects@1.5.10 want: =3.1.0
402 timing idealTree:node_modules/pm2/node_modules/follow-redirects Completed in 2ms
403 timing idealTree:node_modules/pm2/node_modules/fsevents Completed in 0ms
404 timing idealTree:node_modules/pm2/node_modules/glob-parent Completed in 0ms
405 silly placeDep node_modules/pm2 binary-extensions@2.2.0 OK for: is-binary-path@2.1.0 want: ^2.0.0
406 timing idealTree:node_modules/pm2/node_modules/is-binary-path Completed in 1ms
407 timing idealTree:node_modules/pm2/node_modules/binary-extensions Completed in 0ms
408 silly placeDep node_modules/pm2 is-extglob@2.1.1 OK for: is-glob@4.0.3 want: ^2.1.1
409 timing idealTree:node_modules/pm2/node_modules/is-glob Completed in 11ms
410 timing idealTree:node_modules/pm2/node_modules/is-extglob Completed in 0ms
411 timing idealTree:node_modules/pm2/node_modules/lodash Completed in 0ms
412 timing idealTree:node_modules/pm2/node_modules/log-driver Completed in 0ms
413 silly placeDep node_modules/pm2 minimist@0.0.8 OK for: mkdirp@0.5.1 want: 0.0.8
414 timing idealTree:node_modules/pm2/node_modules/mkdirp Completed in 1ms
415 timing idealTree:node_modules/pm2/node_modules/minimist Completed in 1ms
416 timing idealTree:node_modules/pm2/node_modules/moment Completed in 0ms
417 silly placeDep node_modules/pm2/node_modules/moment-timezone moment@2.29.4 OK for: moment-timezone@0.5.43 want: ^2.29.4
418 timing idealTree:node_modules/pm2/node_modules/moment-timezone Completed in 8ms
419 timing idealTree:node_modules/pm2/node_modules/ms Completed in 0ms
420 silly placeDep node_modules/pm2/node_modules/needle debug@3.2.7 OK for: needle@2.4.0 want: ^3.2.6
421 silly placeDep node_modules/pm2 iconv-lite@0.4.24 OK for: needle@2.4.0 want: ^0.4.4
422 silly fetch manifest safer-buffer@>= 2.1.2 < 3
423 silly placeDep node_modules/pm2 sax@1.2.4 OK for: needle@2.4.0 want: ^1.2.4
424 http fetch GET 200 https://registry.npmjs.org/safer-buffer 13ms (cache hit)
425 timing idealTree:node_modules/pm2/node_modules/needle Completed in 18ms
426 silly placeDep node_modules/pm2 safer-buffer@2.1.2 OK for: iconv-lite@0.4.24 want: >= 2.1.2 < 3
427 timing idealTree:node_modules/pm2/node_modules/iconv-lite Completed in 2ms
428 timing idealTree:node_modules/pm2/node_modules/normalize-path Completed in 0ms
429 silly placeDep node_modules/pm2/node_modules/nssocket eventemitter2@0.4.14 OK for: nssocket@0.6.0 want: ~0.4.14
430 silly placeDep node_modules/pm2 lazy@1.0.11 OK for: nssocket@0.6.0 want: ~1.0.11
431 timing idealTree:node_modules/pm2/node_modules/nssocket Completed in 6ms
432 timing idealTree:node_modules/pm2/node_modules/lazy Completed in 0ms
433 timing idealTree:node_modules/pm2/node_modules/picomatch Completed in 0ms
434 silly placeDep node_modules/pm2 safe-buffer@5.2.1 OK for: pidusage@2.0.17 want: ^5.1.2
435 timing idealTree:node_modules/pm2/node_modules/pidusage Completed in 2ms
436 silly placeDep node_modules/pm2 amp@0.3.1 OK for: pm2-axon@3.3.0 want: ~0.3.1
437 silly placeDep node_modules/pm2 amp-message@0.1.2 OK for: pm2-axon@3.3.0 want: ~0.1.1
438 silly placeDep node_modules/pm2/node_modules/pm2-axon debug@3.2.7 OK for: pm2-axon@3.3.0 want: ^3.0
439 silly placeDep node_modules/pm2 escape-regexp@0.0.1 OK for: pm2-axon@3.3.0 want: 0.0.1
440 timing idealTree:node_modules/pm2/node_modules/pm2-axon Completed in 9ms
441 timing idealTree:node_modules/pm2/node_modules/amp Completed in 0ms
442 timing idealTree:node_modules/pm2/node_modules/amp-message Completed in 0ms
443 timing idealTree:node_modules/pm2/node_modules/escape-regexp Completed in 0ms
444 silly placeDep node_modules/pm2/node_modules/pm2-axon-rpc debug@3.2.7 OK for: pm2-axon-rpc@0.5.1 want: ^3.0
445 timing idealTree:node_modules/pm2/node_modules/pm2-axon-rpc Completed in 5ms
446 silly placeDep node_modules/pm2/node_modules/pm2-deploy async@2.6.4 OK for: pm2-deploy@0.4.0 want: ^2.6
447 silly placeDep node_modules/pm2 tv4@1.3.0 OK for: pm2-deploy@0.4.0 want: ^1.3
448 timing idealTree:node_modules/pm2/node_modules/pm2-deploy Completed in 2ms
449 silly placeDep node_modules/pm2 charm@0.1.2 OK for: pm2-multimeter@0.1.2 want: ~0.1.1
450 timing idealTree:node_modules/pm2/node_modules/pm2-multimeter Completed in 2ms
451 timing idealTree:node_modules/pm2/node_modules/charm Completed in 0ms
452 silly placeDep node_modules/pm2 read@1.0.7 OK for: promptly@2.2.0 want: ^1.0.4
453 silly fetch manifest mute-stream@~0.0.4
454 http fetch GET 200 https://registry.npmjs.org/mute-stream 14ms (cache hit)
455 timing idealTree:node_modules/pm2/node_modules/promptly Completed in 18ms
456 silly placeDep node_modules/pm2 agent-base@4.3.0 OK for: proxy-agent@3.1.1 want: ^4.2.0
457 silly fetch manifest es6-promisify@^5.0.0
458 silly placeDep node_modules/pm2 http-proxy-agent@2.1.0 OK for: proxy-agent@3.1.1 want: ^2.1.0
459 silly fetch manifest debug@3.1.0
460 silly placeDep node_modules/pm2 https-proxy-agent@3.0.1 OK for: proxy-agent@3.1.1 want: ^3.0.0
461 silly placeDep node_modules/pm2 lru-cache@5.1.1 OK for: proxy-agent@3.1.1 want: ^5.1.1
462 silly fetch manifest yallist@^3.0.2
463 silly placeDep node_modules/pm2 pac-proxy-agent@3.0.1 OK for: proxy-agent@3.1.1 want: ^3.0.1
464 silly fetch manifest get-uri@^2.0.0
465 silly fetch manifest pac-resolver@^3.0.0
466 silly fetch manifest raw-body@^2.2.0
467 silly placeDep node_modules/pm2 proxy-from-env@1.1.0 OK for: proxy-agent@3.1.1 want: ^1.0.0
468 silly placeDep node_modules/pm2 socks-proxy-agent@4.0.2 OK for: proxy-agent@3.1.1 want: ^4.0.1
469 silly fetch manifest agent-base@~4.2.1
470 silly fetch manifest socks@~2.3.2
471 http fetch GET 200 https://registry.npmjs.org/es6-promisify 58ms (cache hit)
472 http fetch GET 200 https://registry.npmjs.org/raw-body 44ms (cache hit)
473 http fetch GET 200 https://registry.npmjs.org/yallist 52ms (cache hit)
474 http fetch GET 200 https://registry.npmjs.org/get-uri 47ms (cache hit)
475 http fetch GET 200 https://registry.npmjs.org/pac-resolver 48ms (cache hit)
476 http fetch GET 200 https://registry.npmjs.org/socks 44ms (cache hit)
477 timing idealTree:node_modules/pm2/node_modules/proxy-agent Completed in 71ms
478 silly placeDep node_modules/pm2 es6-promisify@5.0.0 OK for: agent-base@4.3.0 want: ^5.0.0
479 silly fetch manifest es6-promise@^4.0.3
480 http fetch GET 200 https://registry.npmjs.org/es6-promise 10ms (cache hit)
481 timing idealTree:node_modules/pm2/node_modules/agent-base Completed in 13ms
482 silly placeDep node_modules/pm2 es6-promise@4.2.8 OK for: es6-promisify@5.0.0 want: ^4.0.3
483 timing idealTree:node_modules/pm2/node_modules/es6-promisify Completed in 1ms
484 timing idealTree:node_modules/pm2/node_modules/es6-promise Completed in 0ms
485 silly placeDep node_modules/pm2/node_modules/http-proxy-agent debug@3.1.0 OK for: http-proxy-agent@2.1.0 want: 3.1.0
486 timing idealTree:node_modules/pm2/node_modules/http-proxy-agent Completed in 1ms
487 silly placeDep node_modules/pm2/node_modules/https-proxy-agent debug@3.2.7 OK for: https-proxy-agent@3.0.1 want: ^3.1.0
488 timing idealTree:node_modules/pm2/node_modules/https-proxy-agent Completed in 5ms
489 silly placeDep node_modules/pm2 yallist@3.1.1 OK for: lru-cache@5.1.1 want: ^3.0.2
490 timing idealTree:node_modules/pm2/node_modules/lru-cache Completed in 1ms
491 silly placeDep node_modules/pm2 get-uri@2.0.4 OK for: pac-proxy-agent@3.0.1 want: ^2.0.0
492 silly fetch manifest data-uri-to-buffer@1
493 silly fetch manifest ftp@~0.3.10
494 silly fetch manifest debug@2
495 silly fetch manifest extend@~3.0.2
496 silly fetch manifest file-uri-to-path@1
497 silly fetch manifest readable-stream@2
498 silly placeDep node_modules/pm2 pac-resolver@3.0.0 OK for: pac-proxy-agent@3.0.1 want: ^3.0.0
499 silly fetch manifest co@^4.6.0
500 silly fetch manifest degenerator@^1.0.4
501 silly fetch manifest ip@^1.1.5
502 silly fetch manifest netmask@^1.0.6
503 silly fetch manifest thunkify@^2.1.2
504 silly placeDep node_modules/pm2 raw-body@2.5.2 OK for: pac-proxy-agent@3.0.1 want: ^2.2.0
505 silly fetch manifest bytes@3.1.2
506 silly fetch manifest http-errors@2.0.0
507 silly fetch manifest unpipe@1.0.0
508 http fetch GET 200 https://registry.npmjs.org/ftp 131ms (cache hit)
509 http fetch GET 200 https://registry.npmjs.org/data-uri-to-buffer 134ms (cache hit)
510 http fetch GET 200 https://registry.npmjs.org/extend 133ms (cache hit)
511 http fetch GET 200 https://registry.npmjs.org/file-uri-to-path 135ms (cache hit)
512 http fetch GET 200 https://registry.npmjs.org/readable-stream 135ms (cache hit)
513 http fetch GET 200 https://registry.npmjs.org/co 139ms (cache hit)
514 http fetch GET 200 https://registry.npmjs.org/ip 136ms (cache hit)
515 http fetch GET 200 https://registry.npmjs.org/degenerator 142ms (cache hit)
516 http fetch GET 200 https://registry.npmjs.org/thunkify 141ms (cache hit)
517 http fetch GET 200 https://registry.npmjs.org/bytes 139ms (cache hit)
518 http fetch GET 200 https://registry.npmjs.org/http-errors 139ms (cache hit)
519 http fetch GET 200 https://registry.npmjs.org/netmask 143ms (cache hit)
520 http fetch GET 200 https://registry.npmjs.org/unpipe 139ms (cache hit)
521 timing idealTree:node_modules/pm2/node_modules/pac-proxy-agent Completed in 162ms
522 silly placeDep node_modules/pm2 data-uri-to-buffer@1.2.0 OK for: get-uri@2.0.4 want: 1
523 silly placeDep node_modules/pm2/node_modules/get-uri debug@2.6.9 OK for: get-uri@2.0.4 want: 2
524 silly placeDep node_modules/pm2 extend@3.0.2 OK for: get-uri@2.0.4 want: ~3.0.2
525 silly placeDep node_modules/pm2 file-uri-to-path@1.0.0 OK for: get-uri@2.0.4 want: 1
526 silly placeDep node_modules/pm2 ftp@0.3.10 OK for: get-uri@2.0.4 want: ~0.3.10
527 silly fetch manifest xregexp@2.0.0
528 silly fetch manifest readable-stream@1.1.x
529 silly placeDep node_modules/pm2 readable-stream@2.3.8 OK for: get-uri@2.0.4 want: 2
530 silly fetch manifest core-util-is@~1.0.0
531 silly fetch manifest inherits@~2.0.3
532 silly fetch manifest isarray@~1.0.0
533 silly fetch manifest process-nextick-args@~2.0.0
534 silly fetch manifest safe-buffer@~5.1.1
535 silly fetch manifest string_decoder@~1.1.1
536 silly fetch manifest util-deprecate@~1.0.1
537 http fetch GET 200 https://registry.npmjs.org/xregexp 54ms (cache hit)
538 http fetch GET 200 https://registry.npmjs.org/core-util-is 49ms (cache hit)
539 http fetch GET 200 https://registry.npmjs.org/inherits 48ms (cache hit)
540 http fetch GET 200 https://registry.npmjs.org/isarray 48ms (cache hit)
541 http fetch GET 200 https://registry.npmjs.org/process-nextick-args 47ms (cache hit)
542 http fetch GET 200 https://registry.npmjs.org/string_decoder 44ms (cache hit)
543 http fetch GET 200 https://registry.npmjs.org/util-deprecate 44ms (cache hit)
544 timing idealTree:node_modules/pm2/node_modules/get-uri Completed in 68ms
545 timing idealTree:node_modules/pm2/node_modules/data-uri-to-buffer Completed in 0ms
546 timing idealTree:node_modules/pm2/node_modules/extend Completed in 0ms
547 timing idealTree:node_modules/pm2/node_modules/file-uri-to-path Completed in 1ms
548 silly placeDep node_modules/pm2/node_modules/ftp readable-stream@1.1.14 OK for: ftp@0.3.10 want: 1.1.x
549 silly fetch manifest isarray@0.0.1
550 silly fetch manifest string_decoder@~0.10.x
551 silly fetch manifest inherits@~2.0.1
552 silly placeDep node_modules/pm2 xregexp@2.0.0 OK for: ftp@0.3.10 want: 2.0.0
553 timing idealTree:node_modules/pm2/node_modules/ftp Completed in 7ms
554 silly placeDep node_modules/pm2 co@4.6.0 OK for: pac-resolver@3.0.0 want: ^4.6.0
555 silly placeDep node_modules/pm2 degenerator@1.0.4 OK for: pac-resolver@3.0.0 want: ^1.0.4
556 silly fetch manifest esprima@3.x.x
557 silly fetch manifest escodegen@1.x.x
558 silly fetch manifest ast-types@0.x.x
559 silly placeDep node_modules/pm2 ip@1.1.8 OK for: pac-resolver@3.0.0 want: ^1.1.5
560 silly placeDep node_modules/pm2 netmask@1.0.6 OK for: pac-resolver@3.0.0 want: ^1.0.6
561 silly placeDep node_modules/pm2 thunkify@2.1.2 OK for: pac-resolver@3.0.0 want: ^2.1.2
562 http fetch GET 200 https://registry.npmjs.org/escodegen 26ms (cache hit)
563 http fetch GET 200 https://registry.npmjs.org/esprima 29ms (cache hit)
564 http fetch GET 200 https://registry.npmjs.org/ast-types 29ms (cache hit)
565 timing idealTree:node_modules/pm2/node_modules/pac-resolver Completed in 43ms
566 timing idealTree:node_modules/pm2/node_modules/co Completed in 0ms
567 silly placeDep node_modules/pm2 ast-types@0.14.2 OK for: degenerator@1.0.4 want: 0.x.x
568 silly fetch manifest tslib@^2.0.1
569 silly placeDep node_modules/pm2 escodegen@1.14.3 OK for: degenerator@1.0.4 want: 1.x.x
570 silly fetch manifest estraverse@^4.2.0
571 silly fetch manifest esutils@^2.0.2
572 silly fetch manifest esprima@^4.0.1
573 silly fetch manifest optionator@^0.8.1
574 silly fetch manifest source-map@~0.6.1
575 silly placeDep node_modules/pm2 esprima@3.1.3 OK for: degenerator@1.0.4 want: 3.x.x
576 http fetch GET 200 https://registry.npmjs.org/optionator 38ms (cache hit)
577 http fetch GET 200 https://registry.npmjs.org/estraverse 46ms (cache hit)
578 http fetch GET 200 https://registry.npmjs.org/esutils 42ms (cache hit)
579 timing idealTree:node_modules/pm2/node_modules/degenerator Completed in 58ms
580 silly placeDep node_modules/pm2/node_modules/ast-types tslib@2.6.1 OK for: ast-types@0.14.2 want: ^2.0.1
581 timing idealTree:node_modules/pm2/node_modules/ast-types Completed in 1ms
582 silly placeDep node_modules/pm2/node_modules/escodegen esprima@4.0.1 OK for: escodegen@1.14.3 want: ^4.0.1
583 silly placeDep node_modules/pm2 estraverse@4.3.0 OK for: escodegen@1.14.3 want: ^4.2.0
584 silly placeDep node_modules/pm2 esutils@2.0.3 OK for: escodegen@1.14.3 want: ^2.0.2
585 silly placeDep node_modules/pm2 optionator@0.8.3 OK for: escodegen@1.14.3 want: ^0.8.1
586 silly fetch manifest prelude-ls@~1.1.2
587 silly fetch manifest deep-is@~0.1.3
588 silly fetch manifest word-wrap@~1.2.3
589 silly fetch manifest type-check@~0.3.2
590 silly fetch manifest levn@~0.3.0
591 silly fetch manifest fast-levenshtein@~2.0.6
592 silly placeDep node_modules/pm2 source-map@0.6.1 OK for: escodegen@1.14.3 want: ~0.6.1
593 http fetch GET 200 https://registry.npmjs.org/prelude-ls 104ms (cache hit)
594 http fetch GET 200 https://registry.npmjs.org/deep-is 98ms (cache hit)
595 http fetch GET 200 https://registry.npmjs.org/word-wrap 97ms (cache hit)
596 http fetch GET 200 https://registry.npmjs.org/type-check 100ms (cache hit)
597 http fetch GET 200 https://registry.npmjs.org/levn 100ms (cache hit)
598 http fetch GET 200 https://registry.npmjs.org/fast-levenshtein 100ms (cache hit)
599 timing idealTree:node_modules/pm2/node_modules/escodegen Completed in 120ms
600 timing idealTree:node_modules/pm2/node_modules/esprima Completed in 0ms
601 timing idealTree:node_modules/pm2/node_modules/estraverse Completed in 0ms
602 timing idealTree:node_modules/pm2/node_modules/esutils Completed in 0ms
603 timing idealTree:node_modules/pm2/node_modules/ip Completed in 0ms
604 timing idealTree:node_modules/pm2/node_modules/netmask Completed in 0ms
605 silly placeDep node_modules/pm2 deep-is@0.1.4 OK for: optionator@0.8.3 want: ~0.1.3
606 silly placeDep node_modules/pm2 fast-levenshtein@2.0.6 OK for: optionator@0.8.3 want: ~2.0.6
607 silly placeDep node_modules/pm2 levn@0.3.0 OK for: optionator@0.8.3 want: ~0.3.0
608 silly placeDep node_modules/pm2 prelude-ls@1.1.2 OK for: optionator@0.8.3 want: ~1.1.2
609 silly placeDep node_modules/pm2 type-check@0.3.2 OK for: optionator@0.8.3 want: ~0.3.2
610 silly placeDep node_modules/pm2 word-wrap@1.2.5 OK for: optionator@0.8.3 want: ~1.2.3
611 timing idealTree:node_modules/pm2/node_modules/optionator Completed in 16ms
612 timing idealTree:node_modules/pm2/node_modules/deep-is Completed in 0ms
613 timing idealTree:node_modules/pm2/node_modules/fast-levenshtein Completed in 1ms
614 timing idealTree:node_modules/pm2/node_modules/levn Completed in 0ms
615 timing idealTree:node_modules/pm2/node_modules/prelude-ls Completed in 0ms
616 timing idealTree:node_modules/pm2/node_modules/proxy-from-env Completed in 0ms
617 timing idealTree:node_modules/pm2/node_modules/ps-list Completed in 0ms
618 silly placeDep node_modules/pm2 bytes@3.1.2 OK for: raw-body@2.5.2 want: 3.1.2
619 silly placeDep node_modules/pm2 http-errors@2.0.0 OK for: raw-body@2.5.2 want: 2.0.0
620 silly fetch manifest depd@2.0.0
621 silly fetch manifest inherits@2.0.4
622 silly fetch manifest setprototypeof@1.2.0
623 silly fetch manifest statuses@2.0.1
624 silly fetch manifest toidentifier@1.0.1
625 silly placeDep node_modules/pm2 unpipe@1.0.0 OK for: raw-body@2.5.2 want: 1.0.0
626 http fetch GET 200 https://registry.npmjs.org/depd 28ms (cache hit)
627 http fetch GET 200 https://registry.npmjs.org/setprototypeof 28ms (cache hit)
628 http fetch GET 200 https://registry.npmjs.org/statuses 27ms (cache hit)
629 http fetch GET 200 https://registry.npmjs.org/toidentifier 27ms (cache hit)
630 timing idealTree:node_modules/pm2/node_modules/raw-body Completed in 34ms
631 timing idealTree:node_modules/pm2/node_modules/bytes Completed in 0ms
632 silly placeDep node_modules/pm2 depd@2.0.0 OK for: http-errors@2.0.0 want: 2.0.0
633 silly placeDep node_modules/pm2 inherits@2.0.4 OK for: http-errors@2.0.0 want: 2.0.4
634 silly placeDep node_modules/pm2 setprototypeof@1.2.0 OK for: http-errors@2.0.0 want: 1.2.0
635 silly placeDep node_modules/pm2 statuses@2.0.1 OK for: http-errors@2.0.0 want: 2.0.1
636 silly placeDep node_modules/pm2 toidentifier@1.0.1 OK for: http-errors@2.0.0 want: 1.0.1
637 timing idealTree:node_modules/pm2/node_modules/http-errors Completed in 9ms
638 timing idealTree:node_modules/pm2/node_modules/depd Completed in 0ms
639 timing idealTree:node_modules/pm2/node_modules/inherits Completed in 0ms
640 silly placeDep node_modules/pm2 mute-stream@0.0.8 OK for: read@1.0.7 want: ~0.0.4
641 timing idealTree:node_modules/pm2/node_modules/read Completed in 6ms
642 timing idealTree:node_modules/pm2/node_modules/mute-stream Completed in 0ms
643 silly placeDep node_modules/pm2 core-util-is@1.0.3 OK for: readable-stream@2.3.8 want: ~1.0.0
644 silly placeDep node_modules/pm2 isarray@1.0.0 OK for: readable-stream@2.3.8 want: ~1.0.0
645 silly placeDep node_modules/pm2 process-nextick-args@2.0.1 OK for: readable-stream@2.3.8 want: ~2.0.0
646 silly placeDep node_modules/pm2/node_modules/readable-stream safe-buffer@5.1.2 OK for: readable-stream@2.3.8 want: ~5.1.1
647 silly placeDep node_modules/pm2 string_decoder@1.1.1 OK for: readable-stream@2.3.8 want: ~1.1.1
648 silly placeDep node_modules/pm2 util-deprecate@1.0.2 OK for: readable-stream@2.3.8 want: ~1.0.1
649 timing idealTree:node_modules/pm2/node_modules/readable-stream Completed in 9ms
650 timing idealTree:node_modules/pm2/node_modules/core-util-is Completed in 0ms
651 timing idealTree:node_modules/pm2/node_modules/isarray Completed in 0ms
652 timing idealTree:node_modules/pm2/node_modules/process-nextick-args Completed in 0ms
653 timing idealTree:node_modules/pm2/node_modules/readdirp Completed in 0ms
654 silly placeDep node_modules/pm2 module-details-from-path@1.0.3 OK for: require-in-the-middle@5.2.0 want: ^1.0.3
655 silly placeDep node_modules/pm2 resolve@1.22.2 OK for: require-in-the-middle@5.2.0 want: ^1.22.1
656 silly fetch manifest is-core-module@^2.11.0
657 silly fetch manifest path-parse@^1.0.7
658 silly fetch manifest supports-preserve-symlinks-flag@^1.0.0
659 http fetch GET 200 https://registry.npmjs.org/path-parse 40ms (cache hit)
660 http fetch GET 200 https://registry.npmjs.org/supports-preserve-symlinks-flag 39ms (cache hit)
661 http fetch GET 200 https://registry.npmjs.org/is-core-module 42ms (cache hit)
662 timing idealTree:node_modules/pm2/node_modules/require-in-the-middle Completed in 46ms
663 timing idealTree:node_modules/pm2/node_modules/module-details-from-path Completed in 0ms
664 silly placeDep node_modules/pm2 is-core-module@2.12.1 OK for: resolve@1.22.2 want: ^2.11.0
665 silly fetch manifest has@^1.0.3
666 silly placeDep node_modules/pm2 path-parse@1.0.7 OK for: resolve@1.22.2 want: ^1.0.7
667 silly placeDep node_modules/pm2 supports-preserve-symlinks-flag@1.0.0 OK for: resolve@1.22.2 want: ^1.0.0
668 http fetch GET 200 https://registry.npmjs.org/has 14ms (cache hit)
669 timing idealTree:node_modules/pm2/node_modules/resolve Completed in 16ms
670 silly placeDep node_modules/pm2 has@1.0.3 OK for: is-core-module@2.12.1 want: ^1.0.3
671 silly fetch manifest function-bind@^1.1.1
672 http fetch GET 200 https://registry.npmjs.org/function-bind 18ms (cache hit)
673 timing idealTree:node_modules/pm2/node_modules/is-core-module Completed in 20ms
674 silly placeDep node_modules/pm2 function-bind@1.1.1 OK for: has@1.0.3 want: ^1.1.1
675 timing idealTree:node_modules/pm2/node_modules/has Completed in 2ms
676 timing idealTree:node_modules/pm2/node_modules/function-bind Completed in 0ms
677 timing idealTree:node_modules/pm2/node_modules/path-parse Completed in 0ms
678 timing idealTree:node_modules/pm2/node_modules/safe-buffer Completed in 0ms
679 timing idealTree:node_modules/pm2/node_modules/safer-buffer Completed in 0ms
680 timing idealTree:node_modules/pm2/node_modules/sax Completed in 0ms
681 timing idealTree:node_modules/pm2/node_modules/semver Completed in 0ms
682 timing idealTree:node_modules/pm2/node_modules/setprototypeof Completed in 0ms
683 silly placeDep node_modules/pm2 glob@7.2.3 OK for: shelljs@0.8.3 want: ^7.0.0
684 silly fetch manifest fs.realpath@^1.0.0
685 silly fetch manifest inflight@^1.0.4
686 silly fetch manifest minimatch@^3.1.1
687 silly fetch manifest once@^1.3.0
688 silly fetch manifest path-is-absolute@^1.0.0
689 silly placeDep node_modules/pm2 interpret@1.4.0 OK for: shelljs@0.8.3 want: ^1.0.0
690 silly placeDep node_modules/pm2 rechoir@0.6.2 OK for: shelljs@0.8.3 want: ^0.6.2
691 http fetch GET 200 https://registry.npmjs.org/minimatch 43ms (cache hit)
692 http fetch GET 200 https://registry.npmjs.org/inflight 51ms (cache hit)
693 http fetch GET 200 https://registry.npmjs.org/once 46ms (cache hit)
694 http fetch GET 200 https://registry.npmjs.org/fs.realpath 52ms (cache hit)
695 http fetch GET 200 https://registry.npmjs.org/path-is-absolute 49ms (cache hit)
696 timing idealTree:node_modules/pm2/node_modules/shelljs Completed in 60ms
697 silly placeDep node_modules/pm2 fs.realpath@1.0.0 OK for: glob@7.2.3 want: ^1.0.0
698 silly placeDep node_modules/pm2 inflight@1.0.6 OK for: glob@7.2.3 want: ^1.0.4
699 silly fetch manifest wrappy@1
700 silly placeDep node_modules/pm2 minimatch@3.1.2 OK for: glob@7.2.3 want: ^3.1.1
701 silly fetch manifest brace-expansion@^1.1.7
702 silly placeDep node_modules/pm2 once@1.4.0 OK for: glob@7.2.3 want: ^1.3.0
703 silly placeDep node_modules/pm2 path-is-absolute@1.0.1 OK for: glob@7.2.3 want: ^1.0.0
704 http fetch GET 200 https://registry.npmjs.org/wrappy 44ms (cache hit)
705 http fetch GET 200 https://registry.npmjs.org/brace-expansion 43ms (cache hit)
706 timing idealTree:node_modules/pm2/node_modules/glob Completed in 54ms
707 timing idealTree:node_modules/pm2/node_modules/fs.realpath Completed in 0ms
708 silly placeDep node_modules/pm2 wrappy@1.0.2 OK for: inflight@1.0.6 want: 1
709 timing idealTree:node_modules/pm2/node_modules/inflight Completed in 2ms
710 timing idealTree:node_modules/pm2/node_modules/interpret Completed in 0ms
711 silly placeDep node_modules/pm2 brace-expansion@1.1.11 OK for: minimatch@3.1.2 want: ^1.1.7
712 silly fetch manifest balanced-match@^1.0.0
713 silly fetch manifest concat-map@0.0.1
714 http fetch GET 200 https://registry.npmjs.org/concat-map 12ms (cache hit)
715 http fetch GET 200 https://registry.npmjs.org/balanced-match 12ms (cache hit)
716 timing idealTree:node_modules/pm2/node_modules/minimatch Completed in 19ms
717 silly placeDep node_modules/pm2 balanced-match@1.0.2 OK for: brace-expansion@1.1.11 want: ^1.0.0
718 silly placeDep node_modules/pm2 concat-map@0.0.1 OK for: brace-expansion@1.1.11 want: 0.0.1
719 timing idealTree:node_modules/pm2/node_modules/brace-expansion Completed in 6ms
720 timing idealTree:node_modules/pm2/node_modules/balanced-match Completed in 0ms
721 timing idealTree:node_modules/pm2/node_modules/concat-map Completed in 0ms
722 timing idealTree:node_modules/pm2/node_modules/once Completed in 0ms
723 timing idealTree:node_modules/pm2/node_modules/path-is-absolute Completed in 0ms
724 timing idealTree:node_modules/pm2/node_modules/rechoir Completed in 0ms
725 timing idealTree:node_modules/pm2/node_modules/shimmer Completed in 0ms
726 timing idealTree:node_modules/pm2/node_modules/signal-exit Completed in 0ms
727 silly placeDep node_modules/pm2/node_modules/socks-proxy-agent agent-base@4.2.1 OK for: socks-proxy-agent@4.0.2 want: ~4.2.1
728 silly placeDep node_modules/pm2 socks@2.3.3 OK for: socks-proxy-agent@4.0.2 want: ~2.3.2
729 silly fetch manifest ip@1.1.5
730 silly fetch manifest smart-buffer@^4.1.0
731 http fetch GET 200 https://registry.npmjs.org/smart-buffer 17ms (cache hit)
732 timing idealTree:node_modules/pm2/node_modules/socks-proxy-agent Completed in 26ms
733 silly placeDep node_modules/pm2/node_modules/socks ip@1.1.5 OK for: socks@2.3.3 want: 1.1.5
734 silly placeDep node_modules/pm2 smart-buffer@4.2.0 OK for: socks@2.3.3 want: ^4.1.0
735 timing idealTree:node_modules/pm2/node_modules/socks Completed in 1ms
736 timing idealTree:node_modules/pm2/node_modules/smart-buffer Completed in 0ms
737 timing idealTree:node_modules/pm2/node_modules/source-map Completed in 0ms
738 silly placeDep node_modules/pm2 buffer-from@1.1.2 OK for: source-map-support@0.5.12 want: ^1.0.0
739 timing idealTree:node_modules/pm2/node_modules/source-map-support Completed in 1ms
740 timing idealTree:node_modules/pm2/node_modules/buffer-from Completed in 0ms
741 timing idealTree:node_modules/pm2/node_modules/sprintf-js Completed in 0ms
742 timing idealTree:node_modules/pm2/node_modules/statuses Completed in 0ms
743 silly placeDep node_modules/pm2/node_modules/string_decoder safe-buffer@5.1.2 OK for: string_decoder@1.1.1 want: ~5.1.0
744 timing idealTree:node_modules/pm2/node_modules/string_decoder Completed in 5ms
745 silly placeDep node_modules/pm2 has-flag@3.0.0 OK for: supports-color@5.5.0 want: ^3.0.0
746 timing idealTree:node_modules/pm2/node_modules/supports-color Completed in 4ms
747 timing idealTree:node_modules/pm2/node_modules/has-flag Completed in 0ms
748 timing idealTree:node_modules/pm2/node_modules/supports-preserve-symlinks-flag Completed in 0ms
749 timing idealTree:node_modules/pm2/node_modules/systeminformation Completed in 0ms
750 timing idealTree:node_modules/pm2/node_modules/thunkify Completed in 0ms
751 silly placeDep node_modules/pm2 is-number@7.0.0 OK for: to-regex-range@5.0.1 want: ^7.0.0
752 timing idealTree:node_modules/pm2/node_modules/to-regex-range Completed in 1ms
753 timing idealTree:node_modules/pm2/node_modules/is-number Completed in 0ms
754 timing idealTree:node_modules/pm2/node_modules/toidentifier Completed in 0ms
755 timing idealTree:node_modules/pm2/node_modules/tslib Completed in 0ms
756 timing idealTree:node_modules/pm2/node_modules/tv4 Completed in 0ms
757 timing idealTree:node_modules/pm2/node_modules/type-check Completed in 0ms
758 timing idealTree:node_modules/pm2/node_modules/unpipe Completed in 0ms
759 timing idealTree:node_modules/pm2/node_modules/util-deprecate Completed in 0ms
760 timing idealTree:node_modules/pm2/node_modules/uuid Completed in 0ms
761 silly placeDep node_modules/pm2/node_modules/vizion async@2.6.1 OK for: vizion@2.0.2 want: 2.6.1
762 silly placeDep node_modules/pm2 git-node-fs@1.0.0 OK for: vizion@2.0.2 want: ^1.0.0
763 silly placeDep node_modules/pm2 ini@1.3.8 OK for: vizion@2.0.2 want: ^1.3.4
764 silly placeDep node_modules/pm2 js-git@0.7.8 OK for: vizion@2.0.2 want: ^0.7.8
765 silly fetch manifest bodec@^0.1.0
766 silly fetch manifest culvert@^0.1.2
767 silly fetch manifest git-sha1@^0.1.2
768 silly fetch manifest pako@^0.2.5
769 silly placeDep node_modules/pm2 lodash.findindex@4.6.0 OK for: vizion@2.0.2 want: ^4.6.0
770 silly placeDep node_modules/pm2 lodash.foreach@4.5.0 OK for: vizion@2.0.2 want: ^4.5.0
771 silly placeDep node_modules/pm2 lodash.get@4.4.2 OK for: vizion@2.0.2 want: ^4.4.2
772 silly placeDep node_modules/pm2 lodash.last@3.0.0 OK for: vizion@2.0.2 want: ^3.0.0
773 http fetch GET 200 https://registry.npmjs.org/bodec 36ms (cache hit)
774 http fetch GET 200 https://registry.npmjs.org/culvert 34ms (cache hit)
775 http fetch GET 200 https://registry.npmjs.org/git-sha1 33ms (cache hit)
776 http fetch GET 200 https://registry.npmjs.org/pako 33ms (cache hit)
777 timing idealTree:node_modules/pm2/node_modules/vizion Completed in 48ms
778 timing idealTree:node_modules/pm2/node_modules/git-node-fs Completed in 0ms
779 timing idealTree:node_modules/pm2/node_modules/ini Completed in 0ms
780 silly placeDep node_modules/pm2 bodec@0.1.0 OK for: js-git@0.7.8 want: ^0.1.0
781 silly placeDep node_modules/pm2 culvert@0.1.2 OK for: js-git@0.7.8 want: ^0.1.2
782 silly placeDep node_modules/pm2 git-sha1@0.1.2 OK for: js-git@0.7.8 want: ^0.1.2
783 silly placeDep node_modules/pm2 pako@0.2.9 OK for: js-git@0.7.8 want: ^0.2.5
784 timing idealTree:node_modules/pm2/node_modules/js-git Completed in 9ms
785 timing idealTree:node_modules/pm2/node_modules/bodec Completed in 0ms
786 timing idealTree:node_modules/pm2/node_modules/culvert Completed in 0ms
787 timing idealTree:node_modules/pm2/node_modules/git-sha1 Completed in 0ms
788 timing idealTree:node_modules/pm2/node_modules/lodash.findindex Completed in 0ms
789 timing idealTree:node_modules/pm2/node_modules/lodash.foreach Completed in 0ms
790 timing idealTree:node_modules/pm2/node_modules/lodash.get Completed in 0ms
791 timing idealTree:node_modules/pm2/node_modules/lodash.last Completed in 0ms
792 timing idealTree:node_modules/pm2/node_modules/pako Completed in 0ms
793 timing idealTree:node_modules/pm2/node_modules/word-wrap Completed in 0ms
794 timing idealTree:node_modules/pm2/node_modules/wrappy Completed in 0ms
795 silly placeDep node_modules/pm2 async-limiter@1.0.1 OK for: ws@5.2.3 want: ~1.0.0
796 timing idealTree:node_modules/pm2/node_modules/ws Completed in 1ms
797 timing idealTree:node_modules/pm2/node_modules/async-limiter Completed in 0ms
798 timing idealTree:node_modules/pm2/node_modules/xregexp Completed in 0ms
799 timing idealTree:node_modules/pm2/node_modules/yallist Completed in 0ms
800 silly placeDep node_modules/pm2 argparse@1.0.10 OK for: yamljs@0.3.0 want: ^1.0.7
801 silly fetch manifest sprintf-js@~1.0.2
802 timing idealTree:node_modules/pm2/node_modules/yamljs Completed in 1ms
803 silly placeDep node_modules/pm2/node_modules/argparse sprintf-js@1.0.3 OK for: argparse@1.0.10 want: ~1.0.2
804 timing idealTree:node_modules/pm2/node_modules/argparse Completed in 6ms
805 timing idealTree:node_modules/pm2/node_modules/@opencensus/propagation-b3/node_modules/@opencensus/core Completed in 0ms
806 timing idealTree:node_modules/pm2/node_modules/@pm2/agent-node/node_modules/debug Completed in 0ms
807 timing idealTree:node_modules/pm2/node_modules/@pm2/agent-node/node_modules/ws Completed in 0ms
808 timing idealTree:node_modules/pm2/node_modules/@pm2/agent/node_modules/async Completed in 0ms
809 timing idealTree:node_modules/pm2/node_modules/@pm2/io/node_modules/async Completed in 0ms
810 timing idealTree:node_modules/pm2/node_modules/@pm2/io/node_modules/eventemitter2 Completed in 0ms
811 timing idealTree:node_modules/pm2/node_modules/@pm2/io/node_modules/semver Completed in 0ms
812 timing idealTree:node_modules/pm2/node_modules/@pm2/js-api/node_modules/async Completed in 0ms
813 silly placeDep node_modules/pm2/node_modules/@pm2/js-api ms@2.0.0 OK for: debug@2.6.9 want: 2.0.0
814 timing idealTree:node_modules/pm2/node_modules/@pm2/js-api/node_modules/debug Completed in 4ms
815 timing idealTree:node_modules/pm2/node_modules/@pm2/js-api/node_modules/eventemitter2 Completed in 0ms
816 timing idealTree:node_modules/pm2/node_modules/@pm2/js-api/node_modules/ms Completed in 0ms
817 silly placeDep node_modules/pm2/node_modules/@pm2/js-api safe-buffer@5.1.2 OK for: ws@3.3.3 want: ~5.1.0
818 silly placeDep node_modules/pm2 ultron@1.1.1 OK for: ws@3.3.3 want: ~1.1.0
819 timing idealTree:node_modules/pm2/node_modules/@pm2/js-api/node_modules/ws Completed in 3ms
820 timing idealTree:node_modules/pm2/node_modules/ultron Completed in 0ms
821 timing idealTree:node_modules/pm2/node_modules/@pm2/js-api/node_modules/safe-buffer Completed in 0ms
822 timing idealTree:node_modules/pm2/node_modules/argparse/node_modules/sprintf-js Completed in 0ms
823 timing idealTree:node_modules/pm2/node_modules/ast-types/node_modules/tslib Completed in 0ms
824 silly placeDep node_modules/pm2/node_modules/cli-table-redemption ansi-styles@2.2.1 OK for: chalk@1.1.3 want: ^2.2.1
825 silly placeDep node_modules/pm2 has-ansi@2.0.0 OK for: chalk@1.1.3 want: ^2.0.0
826 silly fetch manifest ansi-regex@^2.0.0
827 silly placeDep node_modules/pm2 strip-ansi@3.0.1 OK for: chalk@1.1.3 want: ^3.0.0
828 silly placeDep node_modules/pm2/node_modules/cli-table-redemption supports-color@2.0.0 OK for: chalk@1.1.3 want: ^2.0.0
829 http fetch GET 200 https://registry.npmjs.org/ansi-regex 78ms (cache hit)
830 timing idealTree:node_modules/pm2/node_modules/cli-table-redemption/node_modules/chalk Completed in 85ms
831 silly placeDep node_modules/pm2 ansi-regex@2.1.1 OK for: has-ansi@2.0.0 want: ^2.0.0
832 timing idealTree:node_modules/pm2/node_modules/has-ansi Completed in 1ms
833 timing idealTree:node_modules/pm2/node_modules/ansi-regex Completed in 0ms
834 timing idealTree:node_modules/pm2/node_modules/strip-ansi Completed in 0ms
835 timing idealTree:node_modules/pm2/node_modules/cli-table-redemption/node_modules/ansi-styles Completed in 0ms
836 timing idealTree:node_modules/pm2/node_modules/cli-table-redemption/node_modules/supports-color Completed in 0ms
837 timing idealTree:node_modules/pm2/node_modules/escodegen/node_modules/esprima Completed in 0ms
838 silly placeDep node_modules/pm2/node_modules/follow-redirects ms@2.0.0 OK for: debug@3.1.0 want: 2.0.0
839 timing idealTree:node_modules/pm2/node_modules/follow-redirects/node_modules/debug Completed in 3ms
840 timing idealTree:node_modules/pm2/node_modules/follow-redirects/node_modules/ms Completed in 0ms
841 silly placeDep node_modules/pm2/node_modules/ftp isarray@0.0.1 OK for: readable-stream@1.1.14 want: 0.0.1
842 silly placeDep node_modules/pm2/node_modules/ftp string_decoder@0.10.31 OK for: readable-stream@1.1.14 want: ~0.10.x
843 timing idealTree:node_modules/pm2/node_modules/ftp/node_modules/readable-stream Completed in 6ms
844 timing idealTree:node_modules/pm2/node_modules/ftp/node_modules/isarray Completed in 0ms
845 timing idealTree:node_modules/pm2/node_modules/ftp/node_modules/string_decoder Completed in 0ms
846 silly placeDep node_modules/pm2/node_modules/get-uri ms@2.0.0 OK for: debug@2.6.9 want: 2.0.0
847 timing idealTree:node_modules/pm2/node_modules/get-uri/node_modules/debug Completed in 3ms
848 timing idealTree:node_modules/pm2/node_modules/get-uri/node_modules/ms Completed in 0ms
849 silly placeDep node_modules/pm2/node_modules/http-proxy-agent ms@2.0.0 OK for: debug@3.1.0 want: 2.0.0
850 timing idealTree:node_modules/pm2/node_modules/http-proxy-agent/node_modules/debug Completed in 2ms
851 timing idealTree:node_modules/pm2/node_modules/http-proxy-agent/node_modules/ms Completed in 0ms
852 timing idealTree:node_modules/pm2/node_modules/https-proxy-agent/node_modules/debug Completed in 0ms
853 timing idealTree:node_modules/pm2/node_modules/moment-timezone/node_modules/moment Completed in 0ms
854 timing idealTree:node_modules/pm2/node_modules/needle/node_modules/debug Completed in 0ms
855 timing idealTree:node_modules/pm2/node_modules/nssocket/node_modules/eventemitter2 Completed in 0ms
856 timing idealTree:node_modules/pm2/node_modules/pm2-axon-rpc/node_modules/debug Completed in 0ms
857 timing idealTree:node_modules/pm2/node_modules/pm2-axon/node_modules/debug Completed in 0ms
858 timing idealTree:node_modules/pm2/node_modules/pm2-deploy/node_modules/async Completed in 0ms
859 timing idealTree:node_modules/pm2/node_modules/readable-stream/node_modules/safe-buffer Completed in 0ms
860 timing idealTree:node_modules/pm2/node_modules/socks-proxy-agent/node_modules/agent-base Completed in 0ms
861 timing idealTree:node_modules/pm2/node_modules/socks/node_modules/ip Completed in 0ms
862 timing idealTree:node_modules/pm2/node_modules/string_decoder/node_modules/safe-buffer Completed in 0ms
863 timing idealTree:node_modules/pm2/node_modules/vizion/node_modules/async Completed in 0ms
864 timing idealTree:buildDeps Completed in 2880ms
865 timing idealTree:fixDepFlags Completed in 3ms
866 timing idealTree Completed in 2911ms
867 timing reify:loadTrees Completed in 3111ms
868 timing reify:diffTrees Completed in 17ms
869 silly reify mark retired [
869 silly reify   '/home/ubuntu/.nvm/versions/node/v20.4.0/lib/node_modules/pm2',
869 silly reify   '/home/ubuntu/.nvm/versions/node/v20.4.0/bin/pm2',
869 silly reify   '/home/ubuntu/.nvm/versions/node/v20.4.0/bin/pm2-dev',
869 silly reify   '/home/ubuntu/.nvm/versions/node/v20.4.0/bin/pm2-docker',
869 silly reify   '/home/ubuntu/.nvm/versions/node/v20.4.0/bin/pm2-runtime'
869 silly reify ]
870 silly reify moves {
870 silly reify   '/home/ubuntu/.nvm/versions/node/v20.4.0/lib/node_modules/pm2': '/home/ubuntu/.nvm/versions/node/v20.4.0/lib/node_modules/.pm2-iZwYkuil',
870 silly reify   '/home/ubuntu/.nvm/versions/node/v20.4.0/bin/pm2': '/home/ubuntu/.nvm/versions/node/v20.4.0/bin/.pm2-xNhBUjlG',
870 silly reify   '/home/ubuntu/.nvm/versions/node/v20.4.0/bin/pm2-dev': '/home/ubuntu/.nvm/versions/node/v20.4.0/bin/.pm2-dev-O0aI44VV',
870 silly reify   '/home/ubuntu/.nvm/versions/node/v20.4.0/bin/pm2-docker': '/home/ubuntu/.nvm/versions/node/v20.4.0/bin/.pm2-docker-8A59qrhO',
870 silly reify   '/home/ubuntu/.nvm/versions/node/v20.4.0/bin/pm2-runtime': '/home/ubuntu/.nvm/versions/node/v20.4.0/bin/.pm2-runtime-huDX3bsT'
870 silly reify }
871 timing reify:retireShallow Completed in 11ms
872 timing reify:createSparse Completed in 45ms
873 timing reify:loadBundles Completed in 0ms
874 verbose reify failed optional dependency /home/ubuntu/.nvm/versions/node/v20.4.0/lib/node_modules/pm2/node_modules/fsevents
875 silly reify mark deleted [
875 silly reify   '/home/ubuntu/.nvm/versions/node/v20.4.0/lib/node_modules/pm2/node_modules/fsevents'
875 silly reify ]
876 timing reifyNode:node_modules/pm2/node_modules/fsevents Completed in 36ms
877 silly tarball no local data for pm2@https://registry.npmjs.org/pm2/-/pm2-4.0.0.tgz. Extracting by manifest.
878 timing reifyNode:node_modules/pm2/node_modules/process-nextick-args Completed in 1744ms
879 timing reifyNode:node_modules/pm2/node_modules/amp-message Completed in 1771ms
880 timing reifyNode:node_modules/pm2/node_modules/path-parse Completed in 1764ms
881 timing reifyNode:node_modules/pm2/node_modules/path-is-absolute Completed in 1764ms
882 timing reifyNode:node_modules/pm2/node_modules/strip-ansi Completed in 1783ms
883 timing reifyNode:node_modules/pm2/node_modules/@pm2/js-api/node_modules/ms Completed in 1772ms
884 timing reifyNode:node_modules/pm2/node_modules/supports-color Completed in 1809ms
885 timing reifyNode:node_modules/pm2/node_modules/ini Completed in 1793ms
886 timing reifyNode:node_modules/pm2/node_modules/buffer-from Completed in 1821ms
887 timing reifyNode:node_modules/pm2/node_modules/brace-expansion Completed in 1822ms
888 timing reifyNode:node_modules/pm2/node_modules/ip Completed in 1804ms
889 timing reifyNode:node_modules/pm2/node_modules/once Completed in 1836ms
890 timing reifyNode:node_modules/pm2/node_modules/normalize-path Completed in 1836ms
891 timing reifyNode:node_modules/pm2/node_modules/mute-stream Completed in 1837ms
892 timing reifyNode:node_modules/pm2/node_modules/ms Completed in 1836ms
893 timing reifyNode:node_modules/pm2/node_modules/wrappy Completed in 1842ms
894 timing reifyNode:node_modules/pm2/node_modules/ansi-styles Completed in 1862ms
895 timing reifyNode:node_modules/pm2/node_modules/ansi-regex Completed in 1863ms
896 timing reifyNode:node_modules/pm2/node_modules/word-wrap Completed in 1879ms
897 timing reifyNode:node_modules/pm2/node_modules/has-flag Completed in 1876ms
898 timing reifyNode:node_modules/pm2/node_modules/has-ansi Completed in 1876ms
899 timing reifyNode:node_modules/pm2/node_modules/bytes Completed in 1877ms
900 timing reifyNode:node_modules/pm2/node_modules/lodash.last Completed in 1874ms
901 timing reifyNode:node_modules/pm2/node_modules/bodec Completed in 1895ms
902 timing reifyNode:node_modules/pm2/node_modules/fast-levenshtein Completed in 1896ms
903 timing reifyNode:node_modules/pm2/node_modules/is-binary-path Completed in 1894ms
904 timing reifyNode:node_modules/pm2/node_modules/ultron Completed in 1911ms
905 timing reifyNode:node_modules/pm2/node_modules/git-sha1 Completed in 1896ms
906 timing reifyNode:node_modules/pm2/node_modules/get-uri/node_modules/ms Completed in 1897ms
907 timing reifyNode:node_modules/pm2/node_modules/toidentifier Completed in 1931ms
908 timing reifyNode:node_modules/pm2/node_modules/to-regex-range Completed in 1931ms
909 timing reifyNode:node_modules/pm2/node_modules/cli-table-redemption/node_modules/supports-color Completed in 1916ms
910 timing reifyNode:node_modules/pm2/node_modules/cli-table-redemption/node_modules/chalk Completed in 1916ms
911 timing reifyNode:node_modules/pm2/node_modules/cli-table-redemption/node_modules/ansi-styles Completed in 1916ms
912 timing reifyNode:node_modules/pm2/node_modules/culvert Completed in 1917ms
913 timing reifyNode:node_modules/pm2/node_modules/core-util-is Completed in 1917ms
914 timing reifyNode:node_modules/pm2/node_modules/is-number Completed in 1916ms
915 timing reifyNode:node_modules/pm2/node_modules/is-extglob Completed in 1916ms
916 timing reifyNode:node_modules/pm2/node_modules/anymatch Completed in 1933ms
917 timing reifyNode:node_modules/pm2/node_modules/require-in-the-middle Completed in 1927ms
918 timing reifyNode:node_modules/pm2/node_modules/interpret Completed in 1921ms
919 timing reifyNode:node_modules/pm2/node_modules/nssocket/node_modules/eventemitter2 Completed in 1920ms
920 timing reifyNode:node_modules/pm2/node_modules/signal-exit Completed in 1940ms
921 timing reifyNode:node_modules/pm2/node_modules/inherits Completed in 1934ms
922 timing reifyNode:node_modules/pm2/node_modules/inflight Completed in 1935ms
923 timing reifyNode:node_modules/pm2/node_modules/http-proxy-agent/node_modules/ms Completed in 1935ms
924 timing reifyNode:node_modules/pm2/node_modules/http-errors Completed in 1935ms
925 timing reifyNode:node_modules/pm2/node_modules/glob-parent Completed in 1935ms
926 timing reifyNode:node_modules/pm2/node_modules/@pm2/js-api/node_modules/safe-buffer Completed in 1941ms
927 timing reifyNode:node_modules/pm2/node_modules/lru-cache Completed in 1934ms
928 timing reifyNode:node_modules/pm2/node_modules/lodash.get Completed in 1934ms
929 timing reifyNode:node_modules/pm2/node_modules/follow-redirects/node_modules/ms Completed in 1938ms
930 timing reifyNode:node_modules/pm2/node_modules/escape-string-regexp Completed in 1938ms
931 timing reifyNode:node_modules/pm2/node_modules/lodash.foreach Completed in 1965ms
932 timing reifyNode:node_modules/pm2/node_modules/unpipe Completed in 1983ms
933 timing reifyNode:node_modules/pm2/node_modules/read Completed in 1971ms
934 timing reifyNode:node_modules/pm2/node_modules/balanced-match Completed in 1984ms
935 timing reifyNode:node_modules/pm2/node_modules/is-glob Completed in 1966ms
936 timing reifyNode:node_modules/pm2/node_modules/amp Completed in 2000ms
937 timing reifyNode:node_modules/pm2/node_modules/has Completed in 1983ms
938 timing reifyNode:node_modules/pm2/node_modules/ftp/node_modules/string_decoder Completed in 1985ms
939 timing reifyNode:node_modules/pm2/node_modules/fill-range Completed in 1985ms
940 timing reifyNode:node_modules/pm2/node_modules/es6-promisify Completed in 1985ms
941 timing reifyNode:node_modules/pm2/node_modules/util-deprecate Completed in 2004ms
942 timing reifyNode:node_modules/pm2/node_modules/readdirp Completed in 1992ms
943 timing reifyNode:node_modules/pm2/node_modules/yallist Completed in 1992ms
944 timing reifyNode:node_modules/pm2/node_modules/module-details-from-path Completed in 2003ms
945 timing reifyNode:node_modules/pm2/node_modules/co Completed in 2006ms
946 timing reifyNode:node_modules/pm2/node_modules/color-name Completed in 2007ms
947 timing reifyNode:node_modules/pm2/node_modules/binary-extensions Completed in 2024ms
948 timing reifyNode:node_modules/pm2/node_modules/async-limiter Completed in 2023ms
949 timing reifyNode:node_modules/pm2/node_modules/string_decoder Completed in 2025ms
950 timing reifyNode:node_modules/pm2/node_modules/string_decoder/node_modules/safe-buffer Completed in 2026ms
951 timing reifyNode:node_modules/pm2/node_modules/statuses Completed in 2043ms
952 timing reifyNode:node_modules/pm2/node_modules/thunkify Completed in 2043ms
953 timing reifyNode:node_modules/pm2/node_modules/promptly Completed in 2027ms
954 timing reifyNode:node_modules/pm2/node_modules/safe-buffer Completed in 2034ms
955 timing reifyNode:node_modules/pm2/node_modules/setprototypeof Completed in 2034ms
956 timing reifyNode:node_modules/pm2/node_modules/log-driver Completed in 2026ms
957 timing reifyNode:node_modules/pm2/node_modules/ftp/node_modules/isarray Completed in 2030ms
958 timing reifyNode:node_modules/pm2/node_modules/fs.realpath Completed in 2030ms
959 timing reifyNode:node_modules/pm2/node_modules/escape-regexp Completed in 2031ms
960 timing reifyNode:node_modules/pm2/node_modules/emitter-listener Completed in 2030ms
961 timing reifyNode:node_modules/pm2/node_modules/minimatch Completed in 2027ms
962 timing reifyNode:node_modules/pm2/node_modules/readable-stream/node_modules/safe-buffer Completed in 2034ms
963 timing reifyNode:node_modules/pm2/node_modules/sax Completed in 2068ms
964 timing reifyNode:node_modules/pm2/node_modules/lodash.findindex Completed in 2063ms
965 timing reifyNode:node_modules/pm2/node_modules/ps-list Completed in 2070ms
966 timing reifyNode:node_modules/pm2/node_modules/pm2-deploy Completed in 2078ms
967 timing reifyNode:node_modules/pm2/node_modules/data-uri-to-buffer Completed in 2080ms
968 timing reifyNode:node_modules/pm2/node_modules/raw-body Completed in 2084ms
969 timing reifyNode:node_modules/pm2/node_modules/cli-table-redemption Completed in 2081ms
970 timing reifyNode:node_modules/pm2/node_modules/concat-map Completed in 2081ms
971 timing reifyNode:node_modules/pm2/node_modules/isarray Completed in 2080ms
972 timing reifyNode:node_modules/pm2/node_modules/pm2-axon-rpc Completed in 2079ms
973 timing reifyNode:node_modules/pm2/node_modules/type-check Completed in 2098ms
974 timing reifyNode:node_modules/pm2/node_modules/chalk Completed in 2082ms
975 timing reifyNode:node_modules/pm2/node_modules/safer-buffer Completed in 2100ms
976 timing reifyNode:node_modules/pm2/node_modules/supports-preserve-symlinks-flag Completed in 2110ms
977 timing reifyNode:node_modules/pm2/node_modules/follow-redirects Completed in 2097ms
978 timing reifyNode:node_modules/pm2/node_modules/@opencensus/propagation-b3 Completed in 2100ms
979 timing reifyNode:node_modules/pm2/node_modules/extend Completed in 2097ms
980 timing reifyNode:node_modules/pm2/node_modules/color-convert Completed in 2151ms
981 timing reifyNode:node_modules/pm2/node_modules/http-proxy-agent Completed in 2150ms
982 timing reifyNode:node_modules/pm2/node_modules/socks-proxy-agent Completed in 2156ms
983 timing reifyNode:node_modules/pm2/node_modules/optionator Completed in 2149ms
984 timing reifyNode:node_modules/pm2/node_modules/@pm2/js-api/node_modules/eventemitter2 Completed in 2158ms
985 timing reifyNode:node_modules/pm2/node_modules/glob Completed in 2154ms
986 timing reifyNode:node_modules/pm2/node_modules/file-uri-to-path Completed in 2156ms
987 timing reifyNode:node_modules/pm2/node_modules/commander Completed in 2155ms
988 timing reifyNode:node_modules/pm2/node_modules/proxy-from-env Completed in 2171ms
989 timing reifyNode:node_modules/pm2/node_modules/needle/node_modules/debug Completed in 2170ms
990 timing reifyNode:node_modules/pm2/node_modules/pm2-axon/node_modules/debug Completed in 2171ms
991 timing reifyNode:node_modules/pm2/node_modules/pac-proxy-agent Completed in 2171ms
992 timing reifyNode:node_modules/pm2/node_modules/socks-proxy-agent/node_modules/agent-base Completed in 2178ms
993 timing reifyNode:node_modules/pm2/node_modules/estraverse Completed in 2174ms
994 timing reifyNode:node_modules/pm2/node_modules/depd Completed in 2173ms
995 timing reifyNode:node_modules/pm2/node_modules/deep-is Completed in 2174ms
996 timing reifyNode:node_modules/pm2/node_modules/levn Completed in 2174ms
997 timing reifyNode:node_modules/pm2/node_modules/source-map-support Completed in 2220ms
998 timing reifyNode:node_modules/pm2/node_modules/rechoir Completed in 2220ms
999 timing reifyNode:node_modules/pm2/node_modules/https-proxy-agent Completed in 2214ms
1000 timing reifyNode:node_modules/pm2/node_modules/proxy-agent Completed in 2213ms
1001 timing reifyNode:node_modules/pm2/node_modules/semver Completed in 2221ms
1002 timing reifyNode:node_modules/pm2/node_modules/eventemitter2 Completed in 2217ms
1003 timing reifyNode:node_modules/pm2/node_modules/pm2-multimeter Completed in 2214ms
1004 timing reifyNode:node_modules/pm2/node_modules/@pm2/agent-node/node_modules/debug Completed in 2220ms
1005 timing reifyNode:node_modules/pm2/node_modules/pm2-axon-rpc/node_modules/debug Completed in 2214ms
1006 timing reifyNode:node_modules/pm2/node_modules/agent-base Completed in 2226ms
1007 timing reifyNode:node_modules/pm2/node_modules/git-node-fs Completed in 2226ms
1008 timing reifyNode:node_modules/pm2/node_modules/is-core-module Completed in 2229ms
1009 timing reifyNode:node_modules/pm2/node_modules/@pm2/io/node_modules/semver Completed in 2234ms
1010 timing reifyNode:node_modules/pm2/node_modules/@pm2/io/node_modules/eventemitter2 Completed in 2234ms
1011 timing reifyNode:node_modules/pm2/node_modules/prelude-ls Completed in 2229ms
1012 timing reifyNode:node_modules/pm2/node_modules/shimmer Completed in 2236ms
1013 timing reifyNode:node_modules/pm2/node_modules/netmask Completed in 2240ms
1014 timing reifyNode:node_modules/pm2/node_modules/https-proxy-agent/node_modules/debug Completed in 2242ms
1015 timing reifyNode:node_modules/pm2/node_modules/ftp Completed in 2244ms
1016 timing reifyNode:node_modules/pm2/node_modules/socks/node_modules/ip Completed in 2268ms
1017 timing reifyNode:node_modules/pm2/node_modules/escodegen Completed in 2264ms
1018 timing reifyNode:node_modules/pm2/node_modules/function-bind Completed in 2264ms
1019 timing reifyNode:node_modules/pm2/node_modules/braces Completed in 2280ms
1020 timing reifyNode:node_modules/pm2/node_modules/sprintf-js Completed in 2279ms
1021 timing reifyNode:node_modules/pm2/node_modules/pidusage Completed in 2263ms
1022 timing reifyNode:node_modules/pm2/node_modules/esutils Completed in 2266ms
1023 timing reifyNode:node_modules/pm2/node_modules/minimist Completed in 2267ms
1024 timing reifyNode:node_modules/pm2/node_modules/picomatch Completed in 2281ms
1025 warn deprecated debug@4.1.1: Debug versions >=3.2.0 <3.2.7 || >=4 <4.3.1 have a low-severity ReDos regression when used in a Node.js environment. It is recommended you upgrade to 3.2.7 or 4.3.1. (https://github.com/visionmedia/debug/issues/797)
1026 timing reifyNode:node_modules/pm2/node_modules/debug Completed in 2326ms
1027 timing reifyNode:node_modules/pm2/node_modules/@pm2/agent-node Completed in 2330ms
1028 timing reifyNode:node_modules/pm2/node_modules/degenerator Completed in 2342ms
1029 timing reifyNode:node_modules/pm2/node_modules/fclone Completed in 2344ms
1030 timing reifyNode:node_modules/pm2/node_modules/charm Completed in 2343ms
1031 timing reifyNode:node_modules/pm2/node_modules/tslib Completed in 2366ms
1032 timing reifyNode:node_modules/pm2/node_modules/chokidar Completed in 2351ms
1033 timing reifyNode:node_modules/pm2/node_modules/xregexp Completed in 2365ms
1034 timing reifyNode:node_modules/pm2/node_modules/@pm2/js-api/node_modules/debug Completed in 2368ms
1035 timing reifyNode:node_modules/pm2/node_modules/follow-redirects/node_modules/debug Completed in 2400ms
1036 timing reifyNode:node_modules/pm2/node_modules/tv4 Completed in 2414ms
1037 timing reifyNode:node_modules/pm2/node_modules/http-proxy-agent/node_modules/debug Completed in 2398ms
1038 timing reifyNode:node_modules/pm2/node_modules/get-uri/node_modules/debug Completed in 2420ms
1039 timing reifyNode:node_modules/pm2/node_modules/argparse/node_modules/sprintf-js Completed in 2435ms
1040 timing reifyNode:node_modules/pm2/node_modules/ftp/node_modules/readable-stream Completed in 2421ms
1041 timing reifyNode:node_modules/pm2/node_modules/ast-types/node_modules/tslib Completed in 2443ms
1042 timing reifyNode:node_modules/pm2/node_modules/ws Completed in 2436ms
1043 timing reifyNode:node_modules/pm2/node_modules/@pm2/agent-node/node_modules/ws Completed in 2439ms
1044 warn deprecated uuid@3.4.0: Please upgrade  to version 7 or higher.  Older versions may use Math.random() in certain circumstances, which is known to be problematic.  See https://v8.dev/blog/math-random for details.
1045 timing reifyNode:node_modules/pm2/node_modules/uuid Completed in 2463ms
1046 timing reifyNode:node_modules/pm2/node_modules/@pm2/js-api/node_modules/ws Completed in 2452ms
1047 timing reifyNode:node_modules/pm2/node_modules/smart-buffer Completed in 2460ms
1048 warn deprecated mkdirp@0.5.1: Legacy versions of mkdirp are no longer supported. Please update to mkdirp 1.x. (Note that the API surface has changed to use Promises in 1.x.)
1049 timing reifyNode:node_modules/pm2/node_modules/mkdirp Completed in 2467ms
1050 timing reifyNode:node_modules/pm2/node_modules/esprima Completed in 2471ms
1051 timing reifyNode:node_modules/pm2/node_modules/escodegen/node_modules/esprima Completed in 2471ms
1052 timing reifyNode:node_modules/pm2/node_modules/nssocket Completed in 2482ms
1053 timing reifyNode:node_modules/pm2/node_modules/get-uri Completed in 2503ms
1054 timing reifyNode:node_modules/pm2/node_modules/lazy Completed in 2515ms
1055 timing reifyNode:node_modules/pm2/node_modules/pac-resolver Completed in 2544ms
1056 timing reifyNode:node_modules/pm2/node_modules/readable-stream Completed in 2563ms
1057 timing reifyNode:node_modules/pm2/node_modules/continuation-local-storage Completed in 2559ms
1058 timing reifyNode:node_modules/pm2/node_modules/cron Completed in 2574ms
1059 timing reifyNode:node_modules/pm2/node_modules/pm2-axon Completed in 2591ms
1060 timing reifyNode:node_modules/pm2/node_modules/argparse Completed in 2644ms
1061 timing reifyNode:node_modules/pm2/node_modules/@pm2/agent Completed in 2643ms
1062 timing reifyNode:node_modules/pm2/node_modules/iconv-lite Completed in 2639ms
1063 timing reifyNode:node_modules/pm2/node_modules/shelljs Completed in 2852ms
1064 timing reifyNode:node_modules/pm2/node_modules/es6-promise Completed in 2864ms
1065 timing reifyNode:node_modules/pm2/node_modules/async-listener Completed in 2879ms
1066 timing reifyNode:node_modules/pm2/node_modules/vizion Completed in 2913ms
1067 timing reifyNode:node_modules/pm2/node_modules/needle Completed in 2949ms
1068 timing reifyNode:node_modules/pm2/node_modules/systeminformation Completed in 2997ms
1069 timing reifyNode:node_modules/pm2/node_modules/socks Completed in 2989ms
1070 timing reifyNode:node_modules/pm2/node_modules/pako Completed in 2998ms
1071 timing reifyNode:node_modules/pm2/node_modules/source-map Completed in 3013ms
1072 warn deprecated axios@0.19.2: Critical security vulnerability fixed in v0.21.1. For more information, see https://github.com/axios/axios/pull/3410
1073 timing reifyNode:node_modules/pm2/node_modules/axios Completed in 3039ms
1074 timing reifyNode:node_modules/pm2/node_modules/@pm2/js-api Completed in 3057ms
1075 timing reifyNode:node_modules/pm2/node_modules/js-git Completed in 3076ms
1076 timing reifyNode:node_modules/pm2/node_modules/yamljs Completed in 3260ms
1077 timing reifyNode:node_modules/pm2/node_modules/ast-types Completed in 3279ms
1078 timing reifyNode:node_modules/pm2/node_modules/@pm2/js-api/node_modules/async Completed in 3375ms
1079 timing reifyNode:node_modules/pm2/node_modules/@opencensus/propagation-b3/node_modules/@opencensus/core Completed in 3399ms
1080 timing reifyNode:node_modules/pm2/node_modules/@pm2/agent/node_modules/async Completed in 3407ms
1081 timing reifyNode:node_modules/pm2/node_modules/pm2-deploy/node_modules/async Completed in 3486ms
1082 timing reifyNode:node_modules/pm2/node_modules/vizion/node_modules/async Completed in 3493ms
1083 timing reifyNode:node_modules/pm2/node_modules/async Completed in 3513ms
1084 timing reifyNode:node_modules/pm2/node_modules/@pm2/io/node_modules/async Completed in 3518ms
1085 timing reifyNode:node_modules/pm2/node_modules/@opencensus/core Completed in 3543ms
1086 timing reifyNode:node_modules/pm2/node_modules/blessed Completed in 3564ms
1087 timing reifyNode:node_modules/pm2/node_modules/resolve Completed in 3573ms
1088 timing reifyNode:node_modules/pm2/node_modules/moment-timezone Completed in 3608ms
1089 timing reifyNode:node_modules/pm2/node_modules/@pm2/io Completed in 3626ms
1090 http fetch GET 200 https://registry.npmjs.org/pm2/-/pm2-4.0.0.tgz 3441ms (cache miss)
1091 timing reifyNode:node_modules/pm2 Completed in 3688ms
1092 timing reifyNode:node_modules/pm2/node_modules/moment Completed in 4115ms
1093 timing reifyNode:node_modules/pm2/node_modules/moment-timezone/node_modules/moment Completed in 4355ms
1094 timing reifyNode:node_modules/pm2/node_modules/date-fns Completed in 4630ms
1095 timing reifyNode:node_modules/pm2/node_modules/lodash Completed in 4637ms
1096 timing reify:unpack Completed in 4656ms
1097 timing reify:unretire Completed in 0ms
1098 timing build:queue Completed in 16ms
1099 timing build:link:node_modules/pm2/node_modules/blessed Completed in 18ms
1100 timing build:link:node_modules/pm2/node_modules/@pm2/io/node_modules/semver Completed in 16ms
1101 timing build:link:node_modules/pm2 Completed in 18ms
1102 timing build:link:node_modules/pm2/node_modules/escodegen Completed in 18ms
1103 timing build:link:node_modules/pm2/node_modules/esprima Completed in 17ms
1104 timing build:link:node_modules/pm2/node_modules/mkdirp Completed in 17ms
1105 timing build:link:node_modules/pm2/node_modules/needle Completed in 17ms
1106 timing build:link:node_modules/pm2/node_modules/resolve Completed in 17ms
1107 timing build:link:node_modules/pm2/node_modules/semver Completed in 17ms
1108 timing build:link:node_modules/pm2/node_modules/shelljs Completed in 17ms
1109 timing build:link:node_modules/pm2/node_modules/systeminformation Completed in 18ms
1110 timing build:link:node_modules/pm2/node_modules/uuid Completed in 18ms
1111 timing build:link:node_modules/pm2/node_modules/yamljs Completed in 18ms
1112 timing build:link:node_modules/pm2/node_modules/escodegen/node_modules/esprima Completed in 17ms
1113 timing build:link Completed in 20ms
1114 timing build:deps Completed in 36ms
1115 timing build Completed in 37ms
1116 timing reify:build Completed in 37ms
1117 timing reify:trash Completed in 759ms
1118 timing reify Completed in 8669ms
1119 silly CHANGE node_modules/pm2
1120 silly ADD
1121 silly CHANGE node_modules/pm2/node_modules/buffer-from
1122 silly CHANGE node_modules/pm2/node_modules/braces
1123 silly CHANGE node_modules/pm2/node_modules/brace-expansion
1124 silly CHANGE node_modules/pm2/node_modules/bodec
1125 silly CHANGE node_modules/pm2/node_modules/blessed
1126 silly CHANGE node_modules/pm2/node_modules/binary-extensions
1127 silly CHANGE node_modules/pm2/node_modules/balanced-match
1128 silly CHANGE node_modules/pm2/node_modules/axios
1129 silly CHANGE node_modules/pm2/node_modules/async-listener
1130 silly CHANGE node_modules/pm2/node_modules/async-limiter
1131 silly CHANGE node_modules/pm2/node_modules/async
1132 silly CHANGE node_modules/pm2/node_modules/ast-types
1133 silly CHANGE node_modules/pm2/node_modules/ast-types/node_modules/tslib
1134 silly CHANGE node_modules/pm2/node_modules/argparse
1135 silly CHANGE node_modules/pm2/node_modules/argparse/node_modules/sprintf-js
1136 silly CHANGE node_modules/pm2/node_modules/anymatch
1137 silly CHANGE node_modules/pm2/node_modules/ansi-styles
1138 silly CHANGE node_modules/pm2/node_modules/ansi-regex
1139 silly CHANGE node_modules/pm2/node_modules/amp-message
1140 silly CHANGE node_modules/pm2/node_modules/amp
1141 silly CHANGE node_modules/pm2/node_modules/uuid
1142 silly CHANGE node_modules/pm2/node_modules/util-deprecate
1143 silly CHANGE node_modules/pm2/node_modules/unpipe
1144 silly CHANGE node_modules/pm2/node_modules/ultron
1145 silly CHANGE node_modules/pm2/node_modules/type-check
1146 silly CHANGE node_modules/pm2/node_modules/tv4
1147 silly CHANGE node_modules/pm2/node_modules/tslib
1148 silly CHANGE node_modules/pm2/node_modules/toidentifier
1149 silly CHANGE node_modules/pm2/node_modules/to-regex-range
1150 silly CHANGE node_modules/pm2/node_modules/thunkify
1151 silly CHANGE node_modules/pm2/node_modules/systeminformation
1152 silly CHANGE node_modules/pm2/node_modules/supports-preserve-symlinks-flag
1153 silly CHANGE node_modules/pm2/node_modules/supports-color
1154 silly CHANGE node_modules/pm2/node_modules/strip-ansi
1155 silly CHANGE node_modules/pm2/node_modules/string_decoder
1156 silly CHANGE node_modules/pm2/node_modules/string_decoder/node_modules/safe-buffer
1157 silly CHANGE node_modules/pm2/node_modules/statuses
1158 silly CHANGE node_modules/pm2/node_modules/sprintf-js
1159 silly CHANGE node_modules/pm2/node_modules/source-map-support
1160 silly CHANGE node_modules/pm2/node_modules/source-map
1161 silly CHANGE node_modules/pm2/node_modules/socks-proxy-agent
1162 silly CHANGE node_modules/pm2/node_modules/socks-proxy-agent/node_modules/agent-base
1163 silly CHANGE node_modules/pm2/node_modules/socks
1164 silly CHANGE node_modules/pm2/node_modules/socks/node_modules/ip
1165 silly CHANGE node_modules/pm2/node_modules/smart-buffer
1166 silly CHANGE node_modules/pm2/node_modules/signal-exit
1167 silly CHANGE node_modules/pm2/node_modules/shimmer
1168 silly CHANGE node_modules/pm2/node_modules/shelljs
1169 silly CHANGE node_modules/pm2/node_modules/setprototypeof
1170 silly CHANGE node_modules/pm2/node_modules/semver
1171 silly CHANGE node_modules/pm2/node_modules/sax
1172 silly CHANGE node_modules/pm2/node_modules/safer-buffer
1173 silly CHANGE node_modules/pm2/node_modules/safe-buffer
1174 silly CHANGE node_modules/pm2/node_modules/resolve
1175 silly CHANGE node_modules/pm2/node_modules/require-in-the-middle
1176 silly CHANGE node_modules/pm2/node_modules/rechoir
1177 silly CHANGE node_modules/pm2/node_modules/@pm2/js-api
1178 silly CHANGE node_modules/pm2/node_modules/@pm2/js-api/node_modules/ws
1179 silly CHANGE node_modules/pm2/node_modules/@pm2/js-api/node_modules/safe-buffer
1180 silly CHANGE node_modules/pm2/node_modules/@pm2/js-api/node_modules/ms
1181 silly CHANGE node_modules/pm2/node_modules/@pm2/js-api/node_modules/eventemitter2
1182 silly CHANGE node_modules/pm2/node_modules/@pm2/js-api/node_modules/debug
1183 silly CHANGE node_modules/pm2/node_modules/@pm2/js-api/node_modules/async
1184 silly CHANGE node_modules/pm2/node_modules/@pm2/io
1185 silly CHANGE node_modules/pm2/node_modules/@pm2/io/node_modules/semver
1186 silly CHANGE node_modules/pm2/node_modules/@pm2/io/node_modules/eventemitter2
1187 silly CHANGE node_modules/pm2/node_modules/@pm2/io/node_modules/async
1188 silly CHANGE node_modules/pm2/node_modules/@pm2/agent-node
1189 silly CHANGE node_modules/pm2/node_modules/@pm2/agent-node/node_modules/ws
1190 silly CHANGE node_modules/pm2/node_modules/@pm2/agent-node/node_modules/debug
1191 silly CHANGE node_modules/pm2/node_modules/@pm2/agent
1192 silly CHANGE node_modules/pm2/node_modules/@pm2/agent/node_modules/async
1193 silly CHANGE node_modules/pm2/node_modules/@opencensus/propagation-b3
1194 silly CHANGE node_modules/pm2/node_modules/@opencensus/propagation-b3/node_modules/@opencensus/core
1195 silly CHANGE node_modules/pm2/node_modules/@opencensus/core
1196 silly CHANGE node_modules/pm2/node_modules/agent-base
1197 silly CHANGE node_modules/pm2/node_modules/readdirp
1198 silly CHANGE node_modules/pm2/node_modules/readable-stream
1199 silly CHANGE node_modules/pm2/node_modules/readable-stream/node_modules/safe-buffer
1200 silly CHANGE node_modules/pm2/node_modules/read
1201 silly CHANGE node_modules/pm2/node_modules/raw-body
1202 silly CHANGE node_modules/pm2/node_modules/ps-list
1203 silly CHANGE node_modules/pm2/node_modules/yamljs
1204 silly CHANGE node_modules/pm2/node_modules/yallist
1205 silly CHANGE node_modules/pm2/node_modules/xregexp
1206 silly CHANGE node_modules/pm2/node_modules/ws
1207 silly CHANGE node_modules/pm2/node_modules/wrappy
1208 silly CHANGE node_modules/pm2/node_modules/word-wrap
1209 silly CHANGE node_modules/pm2/node_modules/vizion
1210 silly CHANGE node_modules/pm2/node_modules/vizion/node_modules/async
1211 silly CHANGE node_modules/pm2/node_modules/git-sha1
1212 silly CHANGE node_modules/pm2/node_modules/git-node-fs
1213 silly CHANGE node_modules/pm2/node_modules/get-uri
1214 silly CHANGE node_modules/pm2/node_modules/get-uri/node_modules/ms
1215 silly CHANGE node_modules/pm2/node_modules/get-uri/node_modules/debug
1216 silly CHANGE node_modules/pm2/node_modules/function-bind
1217 silly CHANGE node_modules/pm2/node_modules/ftp
1218 silly CHANGE node_modules/pm2/node_modules/ftp/node_modules/string_decoder
1219 silly CHANGE node_modules/pm2/node_modules/ftp/node_modules/readable-stream
1220 silly CHANGE node_modules/pm2/node_modules/ftp/node_modules/isarray
1221 silly CHANGE node_modules/pm2/node_modules/fs.realpath
1222 silly CHANGE node_modules/pm2/node_modules/follow-redirects
1223 silly CHANGE node_modules/pm2/node_modules/follow-redirects/node_modules/ms
1224 silly CHANGE node_modules/pm2/node_modules/follow-redirects/node_modules/debug
1225 silly CHANGE node_modules/pm2/node_modules/fill-range
1226 silly CHANGE node_modules/pm2/node_modules/file-uri-to-path
1227 silly CHANGE node_modules/pm2/node_modules/fclone
1228 silly CHANGE node_modules/pm2/node_modules/fast-levenshtein
1229 silly CHANGE node_modules/pm2/node_modules/extend
1230 silly CHANGE node_modules/pm2/node_modules/eventemitter2
1231 silly CHANGE node_modules/pm2/node_modules/esutils
1232 silly CHANGE node_modules/pm2/node_modules/estraverse
1233 silly CHANGE node_modules/pm2/node_modules/esprima
1234 silly CHANGE node_modules/pm2/node_modules/escodegen
1235 silly CHANGE node_modules/pm2/node_modules/escodegen/node_modules/esprima
1236 silly CHANGE node_modules/pm2/node_modules/escape-string-regexp
1237 silly CHANGE node_modules/pm2/node_modules/escape-regexp
1238 silly CHANGE node_modules/pm2/node_modules/es6-promisify
1239 silly CHANGE node_modules/pm2/node_modules/es6-promise
1240 silly CHANGE node_modules/pm2/node_modules/emitter-listener
1241 silly CHANGE node_modules/pm2/node_modules/depd
1242 silly CHANGE node_modules/pm2/node_modules/degenerator
1243 silly CHANGE node_modules/pm2/node_modules/deep-is
1244 silly CHANGE node_modules/pm2/node_modules/debug
1245 silly CHANGE node_modules/pm2/node_modules/date-fns
1246 silly CHANGE node_modules/pm2/node_modules/data-uri-to-buffer
1247 silly CHANGE node_modules/pm2/node_modules/culvert
1248 silly CHANGE node_modules/pm2/node_modules/cron
1249 silly CHANGE node_modules/pm2/node_modules/core-util-is
1250 silly CHANGE node_modules/pm2/node_modules/continuation-local-storage
1251 silly CHANGE node_modules/pm2/node_modules/concat-map
1252 silly CHANGE node_modules/pm2/node_modules/commander
1253 silly CHANGE node_modules/pm2/node_modules/color-name
1254 silly CHANGE node_modules/pm2/node_modules/color-convert
1255 silly CHANGE node_modules/pm2/node_modules/co
1256 silly CHANGE node_modules/pm2/node_modules/cli-table-redemption
1257 silly CHANGE node_modules/pm2/node_modules/cli-table-redemption/node_modules/supports-color
1258 silly CHANGE node_modules/pm2/node_modules/cli-table-redemption/node_modules/chalk
1259 silly CHANGE node_modules/pm2/node_modules/cli-table-redemption/node_modules/ansi-styles
1260 silly CHANGE node_modules/pm2/node_modules/chokidar
1261 silly CHANGE node_modules/pm2/node_modules/charm
1262 silly CHANGE node_modules/pm2/node_modules/chalk
1263 silly CHANGE node_modules/pm2/node_modules/bytes
1264 silly CHANGE node_modules/pm2/node_modules/levn
1265 silly CHANGE node_modules/pm2/node_modules/lazy
1266 silly CHANGE node_modules/pm2/node_modules/js-git
1267 silly CHANGE node_modules/pm2/node_modules/isarray
1268 silly CHANGE node_modules/pm2/node_modules/is-number
1269 silly CHANGE node_modules/pm2/node_modules/is-glob
1270 silly CHANGE node_modules/pm2/node_modules/is-extglob
1271 silly CHANGE node_modules/pm2/node_modules/is-core-module
1272 silly CHANGE node_modules/pm2/node_modules/is-binary-path
1273 silly CHANGE node_modules/pm2/node_modules/ip
1274 silly CHANGE node_modules/pm2/node_modules/interpret
1275 silly CHANGE node_modules/pm2/node_modules/ini
1276 silly CHANGE node_modules/pm2/node_modules/inherits
1277 silly CHANGE node_modules/pm2/node_modules/inflight
1278 silly CHANGE node_modules/pm2/node_modules/iconv-lite
1279 silly CHANGE node_modules/pm2/node_modules/https-proxy-agent
1280 silly CHANGE node_modules/pm2/node_modules/https-proxy-agent/node_modules/debug
1281 silly CHANGE node_modules/pm2/node_modules/http-proxy-agent
1282 silly CHANGE node_modules/pm2/node_modules/http-proxy-agent/node_modules/ms
1283 silly CHANGE node_modules/pm2/node_modules/http-proxy-agent/node_modules/debug
1284 silly CHANGE node_modules/pm2/node_modules/http-errors
1285 silly CHANGE node_modules/pm2/node_modules/has-flag
1286 silly CHANGE node_modules/pm2/node_modules/has-ansi
1287 silly CHANGE node_modules/pm2/node_modules/has
1288 silly CHANGE node_modules/pm2/node_modules/glob-parent
1289 silly CHANGE node_modules/pm2/node_modules/glob
1290 silly CHANGE node_modules/pm2/node_modules/lodash.foreach
1291 silly CHANGE node_modules/pm2/node_modules/lodash.findindex
1292 silly CHANGE node_modules/pm2/node_modules/lodash
1293 silly CHANGE node_modules/pm2/node_modules/proxy-from-env
1294 silly CHANGE node_modules/pm2/node_modules/proxy-agent
1295 silly CHANGE node_modules/pm2/node_modules/promptly
1296 silly CHANGE node_modules/pm2/node_modules/process-nextick-args
1297 silly CHANGE node_modules/pm2/node_modules/prelude-ls
1298 silly CHANGE node_modules/pm2/node_modules/pm2-multimeter
1299 silly CHANGE node_modules/pm2/node_modules/pm2-deploy
1300 silly CHANGE node_modules/pm2/node_modules/pm2-deploy/node_modules/async
1301 silly CHANGE node_modules/pm2/node_modules/pm2-axon-rpc
1302 silly CHANGE node_modules/pm2/node_modules/pm2-axon-rpc/node_modules/debug
1303 silly CHANGE node_modules/pm2/node_modules/pm2-axon
1304 silly CHANGE node_modules/pm2/node_modules/pm2-axon/node_modules/debug
1305 silly CHANGE node_modules/pm2/node_modules/pidusage
1306 silly CHANGE node_modules/pm2/node_modules/picomatch
1307 silly CHANGE node_modules/pm2/node_modules/path-parse
1308 silly CHANGE node_modules/pm2/node_modules/path-is-absolute
1309 silly CHANGE node_modules/pm2/node_modules/pako
1310 silly CHANGE node_modules/pm2/node_modules/pac-resolver
1311 silly CHANGE node_modules/pm2/node_modules/pac-proxy-agent
1312 silly CHANGE node_modules/pm2/node_modules/optionator
1313 silly CHANGE node_modules/pm2/node_modules/once
1314 silly CHANGE node_modules/pm2/node_modules/nssocket
1315 silly CHANGE node_modules/pm2/node_modules/nssocket/node_modules/eventemitter2
1316 silly CHANGE node_modules/pm2/node_modules/normalize-path
1317 silly CHANGE node_modules/pm2/node_modules/netmask
1318 silly CHANGE node_modules/pm2/node_modules/needle
1319 silly CHANGE node_modules/pm2/node_modules/needle/node_modules/debug
1320 silly CHANGE node_modules/pm2/node_modules/mute-stream
1321 silly CHANGE node_modules/pm2/node_modules/ms
1322 silly CHANGE node_modules/pm2/node_modules/moment-timezone
1323 silly CHANGE node_modules/pm2/node_modules/moment-timezone/node_modules/moment
1324 silly CHANGE node_modules/pm2/node_modules/moment
1325 silly CHANGE node_modules/pm2/node_modules/module-details-from-path
1326 silly CHANGE node_modules/pm2/node_modules/mkdirp
1327 silly CHANGE node_modules/pm2/node_modules/minimist
1328 silly CHANGE node_modules/pm2/node_modules/minimatch
1329 silly CHANGE node_modules/pm2/node_modules/lru-cache
1330 silly CHANGE node_modules/pm2/node_modules/log-driver
1331 silly CHANGE node_modules/pm2/node_modules/lodash.last
1332 silly CHANGE node_modules/pm2/node_modules/lodash.get
1333 timing command:install Completed in 8697ms
1334 verbose exit 0
1335 timing npm Completed in 9024ms
1336 info ok
