0 verbose cli /home/ubuntu/.nvm/versions/node/v20.4.0/bin/node /home/ubuntu/.nvm/versions/node/v20.4.0/bin/npm
1 info using npm@9.7.2
2 info using node@v20.4.0
3 timing npm:load:whichnode Completed in 29ms
4 timing config:load:defaults Completed in 2ms
5 timing config:load:file:/home/ubuntu/.nvm/versions/node/v20.4.0/lib/node_modules/npm/npmrc Completed in 6ms
6 timing config:load:builtin Completed in 6ms
7 timing config:load:cli Completed in 2ms
8 timing config:load:env Completed in 1ms
9 timing config:load:file:/home/ubuntu/tgbots/.npmrc Completed in 0ms
10 timing config:load:project Completed in 5ms
11 timing config:load:file:/home/ubuntu/.npmrc Completed in 0ms
12 timing config:load:user Completed in 1ms
13 timing config:load:file:/home/ubuntu/.nvm/versions/node/v20.4.0/etc/npmrc Completed in 0ms
14 timing config:load:global Completed in 0ms
15 timing config:load:setEnvs Completed in 1ms
16 timing config:load Completed in 18ms
17 timing npm:load:configload Completed in 18ms
18 timing config:load:flatten Completed in 7ms
19 timing npm:load:mkdirpcache Completed in 0ms
20 timing npm:load:mkdirplogs Completed in 1ms
21 verbose title npm install https://github.com/Unitech/PM2/archive/0.14.3.tar.gz
22 verbose argv "install" "https://github.com/Unitech/PM2/archive/0.14.3.tar.gz"
23 timing npm:load:setTitle Completed in 1ms
24 timing npm:load:display Completed in 0ms
25 verbose logfile logs-max:10 dir:/home/ubuntu/.npm/_logs/2023-08-02T13_35_30_881Z-
26 verbose logfile /home/ubuntu/.npm/_logs/2023-08-02T13_35_30_881Z-debug-0.log
27 timing npm:load:logFile Completed in 23ms
28 timing npm:load:timers Completed in 0ms
29 timing npm:load:configScope Completed in 0ms
30 timing npm:load Completed in 108ms
31 timing arborist:ctor Completed in 1ms
32 silly logfile done cleaning log files
33 timing idealTree:init Completed in 158ms
34 warn old lockfile
34 warn old lockfile The package-lock.json file was created with an old version of npm,
34 warn old lockfile so supplemental metadata must be fetched from the registry.
34 warn old lockfile
34 warn old lockfile This is a one-time fix-up, please be patient...
34 warn old lockfile
35 silly inflate node_modules/@ffmpeg-installer/darwin-arm64
36 http fetch GET 200 https://registry.npmjs.org/npm 557ms (cache miss)
37 http fetch GET 200 https://registry.npmjs.org/@ffmpeg-installer%2fdarwin-arm64 384ms (cache revalidated)
38 silly inflate node_modules/@ffmpeg-installer/darwin-x64
39 http fetch GET 200 https://registry.npmjs.org/@ffmpeg-installer%2fdarwin-x64 102ms (cache revalidated)
40 silly inflate node_modules/@ffmpeg-installer/ffmpeg
41 http fetch GET 200 https://registry.npmjs.org/@ffmpeg-installer%2fffmpeg 64ms (cache revalidated)
42 silly inflate node_modules/@ffmpeg-installer/linux-arm
43 http fetch GET 200 https://registry.npmjs.org/@ffmpeg-installer%2flinux-arm 64ms (cache revalidated)
44 silly inflate node_modules/@ffmpeg-installer/linux-arm64
45 http fetch GET 200 https://registry.npmjs.org/@ffmpeg-installer%2flinux-arm64 54ms (cache revalidated)
46 silly inflate node_modules/@ffmpeg-installer/linux-ia32
47 http fetch GET 200 https://registry.npmjs.org/@ffmpeg-installer%2flinux-ia32 50ms (cache revalidated)
48 silly inflate node_modules/@ffmpeg-installer/linux-x64
49 http fetch GET 200 https://registry.npmjs.org/@ffmpeg-installer%2flinux-x64 59ms (cache revalidated)
50 silly inflate node_modules/@ffmpeg-installer/win32-ia32
51 http fetch GET 200 https://registry.npmjs.org/@ffmpeg-installer%2fwin32-ia32 61ms (cache revalidated)
52 silly inflate node_modules/@ffmpeg-installer/win32-x64
53 http fetch GET 200 https://registry.npmjs.org/@ffmpeg-installer%2fwin32-x64 45ms (cache revalidated)
54 silly inflate node_modules/@ffprobe-installer/darwin-arm64
55 http fetch GET 200 https://registry.npmjs.org/@ffprobe-installer%2fdarwin-arm64 55ms (cache revalidated)
56 silly inflate node_modules/@ffprobe-installer/darwin-x64
57 http fetch GET 200 https://registry.npmjs.org/@ffprobe-installer%2fdarwin-x64 524ms (cache revalidated)
58 silly inflate node_modules/@ffprobe-installer/ffprobe
59 http fetch GET 200 https://registry.npmjs.org/@ffprobe-installer%2fffprobe 50ms (cache revalidated)
60 silly inflate node_modules/@ffprobe-installer/linux-arm
