0 verbose cli /home/ubuntu/.nvm/versions/node/v20.5.0/bin/node /home/ubuntu/.nvm/versions/node/v20.5.0/bin/npm
1 info using npm@9.8.0
2 info using node@v20.5.0
3 timing npm:load:whichnode Completed in 28ms
4 timing config:load:defaults Completed in 7ms
5 timing config:load:file:/home/ubuntu/.nvm/versions/node/v20.5.0/lib/node_modules/npm/npmrc Completed in 4ms
6 timing config:load:builtin Completed in 4ms
7 timing config:load:cli Completed in 3ms
8 timing config:load:env Completed in 0ms
9 timing config:load:project Completed in 5ms
10 timing config:load:file:/home/ubuntu/.npmrc Completed in 0ms
11 timing config:load:user Completed in 0ms
12 timing config:load:file:/home/ubuntu/.nvm/versions/node/v20.5.0/etc/npmrc Completed in 0ms
13 timing config:load:global Completed in 0ms
14 timing config:load:setEnvs Completed in 1ms
15 timing config:load Completed in 21ms
16 timing npm:load:configload Completed in 21ms
17 timing config:load:flatten Completed in 4ms
18 timing npm:load:mkdirpcache Completed in 5ms
19 timing npm:load:mkdirplogs Completed in 0ms
20 verbose title npm i peer
21 verbose argv "i" "--global" "peer"
22 timing npm:load:setTitle Completed in 1ms
23 timing npm:load:display Completed in 1ms
24 verbose logfile logs-max:10 dir:/home/ubuntu/.npm/_logs/2023-10-02T07_22_39_646Z-
25 verbose logfile /home/ubuntu/.npm/_logs/2023-10-02T07_22_39_646Z-debug-0.log
26 timing npm:load:logFile Completed in 22ms
27 timing npm:load:timers Completed in 0ms
28 timing npm:load:configScope Completed in 0ms
29 timing npm:load Completed in 111ms
30 timing config:load:flatten Completed in 1ms
31 timing arborist:ctor Completed in 1ms
32 silly logfile start cleaning logs, removing 1 files
33 silly logfile done cleaning log files
34 timing idealTree:init Completed in 12ms
35 timing idealTree:userRequests Completed in 4ms
36 silly idealTree buildDeps
37 silly fetch manifest peer@*
38 http fetch GET 200 https://registry.npmjs.org/peer 52ms (cache hit)
39 silly placeDep ROOT peer@1.0.1 OK for:  want: *
40 silly fetch manifest @types/express@^4.17.3
41 silly fetch manifest @types/ws@^7.2.3 || ^8.0.0
42 silly fetch manifest cors@^2.8.5
43 silly fetch manifest express@^4.17.1
44 silly fetch manifest node-fetch@^3.3.0
45 silly fetch manifest ws@^7.2.3 || ^8.0.0
46 silly fetch manifest yargs@^17.6.2
47 http fetch GET 200 https://registry.npmjs.org/@types%2fexpress 135ms (cache hit)
48 http fetch GET 200 https://registry.npmjs.org/cors 135ms (cache hit)
49 http fetch GET 200 https://registry.npmjs.org/express 139ms (cache hit)
50 http fetch GET 200 https://registry.npmjs.org/node-fetch 147ms (cache hit)
51 http fetch GET 200 https://registry.npmjs.org/ws 152ms (cache hit)
52 http fetch GET 200 https://registry.npmjs.org/yargs 153ms (cache hit)
53 http fetch GET 200 https://registry.npmjs.org/@types%2fws 251ms (cache revalidated)
54 timing idealTree:#root Completed in 324ms
55 silly fetch manifest bufferutil@^4.0.1
56 http fetch GET 200 https://registry.npmjs.org/bufferutil 33ms (cache revalidated)
57 silly fetch manifest utf-8-validate@>=5.0.2
58 http fetch GET 200 https://registry.npmjs.org/utf-8-validate 27ms (cache revalidated)
59 silly placeDep node_modules/peer @types/express@4.17.18 OK for: peer@1.0.1 want: ^4.17.3
60 silly fetch manifest @types/body-parser@*
61 silly fetch manifest @types/express-serve-static-core@^4.17.33
62 silly fetch manifest @types/qs@*
63 silly fetch manifest @types/serve-static@*
64 silly placeDep node_modules/peer @types/ws@8.5.6 OK for: peer@1.0.1 want: ^7.2.3 || ^8.0.0
65 silly fetch manifest @types/node@*
66 silly placeDep node_modules/peer cors@2.8.5 OK for: peer@1.0.1 want: ^2.8.5
67 silly fetch manifest object-assign@^4
68 silly fetch manifest vary@^1
69 silly placeDep node_modules/peer express@4.18.2 OK for: peer@1.0.1 want: ^4.17.1
70 silly fetch manifest accepts@~1.3.8
71 silly fetch manifest array-flatten@1.1.1
72 silly fetch manifest body-parser@1.20.1
73 silly fetch manifest content-disposition@0.5.4
74 silly fetch manifest content-type@~1.0.4
75 silly fetch manifest cookie@0.5.0
76 silly fetch manifest cookie-signature@1.0.6
77 silly fetch manifest debug@2.6.9
78 silly fetch manifest depd@2.0.0
79 silly fetch manifest encodeurl@~1.0.2
80 silly fetch manifest escape-html@~1.0.3
81 silly fetch manifest etag@~1.8.1
82 silly fetch manifest finalhandler@1.2.0
83 silly fetch manifest fresh@0.5.2
84 silly fetch manifest http-errors@2.0.0
85 silly fetch manifest merge-descriptors@1.0.1
86 silly fetch manifest methods@~1.1.2
87 silly fetch manifest on-finished@2.4.1
88 silly fetch manifest parseurl@~1.3.3
89 silly fetch manifest path-to-regexp@0.1.7
90 silly fetch manifest proxy-addr@~2.0.7
91 silly fetch manifest qs@6.11.0
92 silly fetch manifest range-parser@~1.2.1
93 silly fetch manifest safe-buffer@5.2.1
94 silly fetch manifest send@0.18.0
95 silly fetch manifest serve-static@1.15.0
96 silly fetch manifest setprototypeof@1.2.0
97 silly fetch manifest statuses@2.0.1
98 silly fetch manifest type-is@~1.6.18
99 silly fetch manifest utils-merge@1.0.1
100 silly fetch manifest vary@~1.1.2
101 silly placeDep node_modules/peer node-fetch@3.3.2 OK for: peer@1.0.1 want: ^3.3.0
102 silly fetch manifest data-uri-to-buffer@^4.0.0
103 silly fetch manifest fetch-blob@^3.1.4
104 silly fetch manifest formdata-polyfill@^4.0.10
105 silly placeDep node_modules/peer ws@8.14.2 OK for: peer@1.0.1 want: ^7.2.3 || ^8.0.0
106 silly placeDep node_modules/peer yargs@17.7.2 OK for: peer@1.0.1 want: ^17.6.2
107 silly fetch manifest cliui@^8.0.1
108 silly fetch manifest escalade@^3.1.1
109 silly fetch manifest get-caller-file@^2.0.5
110 silly fetch manifest require-directory@^2.1.1
111 silly fetch manifest string-width@^4.2.3
112 silly fetch manifest y18n@^5.0.5
113 silly fetch manifest yargs-parser@^21.1.1
114 http fetch GET 200 https://registry.npmjs.org/accepts 243ms (cache hit)
115 http fetch GET 200 https://registry.npmjs.org/depd 417ms (cache hit)
116 http fetch GET 200 https://registry.npmjs.org/escape-html 416ms (cache hit)
117 http fetch GET 200 https://registry.npmjs.org/finalhandler 414ms (cache hit)
118 http fetch GET 200 https://registry.npmjs.org/http-errors 415ms (cache hit)
119 http fetch GET 200 https://registry.npmjs.org/merge-descriptors 418ms (cache hit)
120 http fetch GET 200 https://registry.npmjs.org/parseurl 413ms (cache hit)
121 http fetch GET 200 https://registry.npmjs.org/path-to-regexp 424ms (cache hit)
122 http fetch GET 200 https://registry.npmjs.org/proxy-addr 424ms (cache hit)
123 http fetch GET 200 https://registry.npmjs.org/@types%2fqs 458ms (cache hit)
124 http fetch GET 200 https://registry.npmjs.org/vary 452ms (cache hit)
125 http fetch GET 200 https://registry.npmjs.org/object-assign 461ms (cache hit)
126 http fetch GET 200 https://registry.npmjs.org/@types%2fnode 471ms (cache hit)
127 http fetch GET 200 https://registry.npmjs.org/array-flatten 518ms (cache hit)
128 http fetch GET 200 https://registry.npmjs.org/content-type 518ms (cache hit)
129 http fetch GET 200 https://registry.npmjs.org/cookie 517ms (cache hit)
130 http fetch GET 200 https://registry.npmjs.org/range-parser 515ms (cache hit)
131 http fetch GET 200 https://registry.npmjs.org/safe-buffer 516ms (cache hit)
132 http fetch GET 200 https://registry.npmjs.org/send 516ms (cache hit)
133 http fetch GET 200 https://registry.npmjs.org/serve-static 518ms (cache hit)
134 http fetch GET 200 https://registry.npmjs.org/setprototypeof 518ms (cache hit)
135 http fetch GET 200 https://registry.npmjs.org/statuses 518ms (cache hit)
136 http fetch GET 200 https://registry.npmjs.org/type-is 519ms (cache hit)
137 http fetch GET 200 https://registry.npmjs.org/utils-merge 519ms (cache hit)
138 http fetch GET 200 https://registry.npmjs.org/vary 518ms (cache hit)
139 http fetch GET 200 https://registry.npmjs.org/fetch-blob 519ms (cache hit)
140 http fetch GET 200 https://registry.npmjs.org/formdata-polyfill 522ms (cache hit)
141 http fetch GET 200 https://registry.npmjs.org/cliui 522ms (cache hit)
142 http fetch GET 200 https://registry.npmjs.org/escalade 522ms (cache hit)
143 http fetch GET 200 https://registry.npmjs.org/get-caller-file 522ms (cache hit)
144 http fetch GET 200 https://registry.npmjs.org/require-directory 519ms (cache hit)
145 http fetch GET 200 https://registry.npmjs.org/string-width 518ms (cache hit)
146 http fetch GET 200 https://registry.npmjs.org/yargs-parser 518ms (cache hit)
147 http fetch GET 200 https://registry.npmjs.org/data-uri-to-buffer 592ms (cache revalidated)
148 http fetch GET 200 https://registry.npmjs.org/body-parser 633ms (cache revalidated)
149 http fetch GET 200 https://registry.npmjs.org/cookie-signature 633ms (cache revalidated)
150 http fetch GET 200 https://registry.npmjs.org/content-disposition 636ms (cache revalidated)
151 http fetch GET 200 https://registry.npmjs.org/debug 636ms (cache revalidated)
152 http fetch GET 200 https://registry.npmjs.org/fresh 629ms (cache revalidated)
153 http fetch GET 200 https://registry.npmjs.org/qs 619ms (cache revalidated)
154 http fetch GET 200 https://registry.npmjs.org/methods 627ms (cache revalidated)
155 http fetch GET 200 https://registry.npmjs.org/etag 638ms (cache revalidated)
156 http fetch GET 200 https://registry.npmjs.org/encodeurl 643ms (cache revalidated)
157 http fetch GET 200 https://registry.npmjs.org/@types%2fbody-parser 666ms (cache revalidated)
158 http fetch GET 200 https://registry.npmjs.org/@types%2fexpress-serve-static-core 666ms (cache revalidated)
159 http fetch GET 200 https://registry.npmjs.org/@types%2fserve-static 666ms (cache revalidated)
160 http fetch GET 200 https://registry.npmjs.org/on-finished 637ms (cache revalidated)
161 http fetch GET 200 https://registry.npmjs.org/y18n 611ms (cache revalidated)
162 timing idealTree:node_modules/peer Completed in 756ms
163 silly placeDep node_modules/peer @types/body-parser@1.19.3 OK for: @types/express@4.17.18 want: *
164 silly fetch manifest @types/connect@*
165 silly placeDep node_modules/peer @types/express-serve-static-core@4.17.37 OK for: @types/express@4.17.18 want: ^4.17.33
166 silly fetch manifest @types/range-parser@*
167 silly fetch manifest @types/send@*
168 silly placeDep node_modules/peer @types/qs@6.9.8 OK for: @types/express@4.17.18 want: *
169 silly placeDep node_modules/peer @types/serve-static@1.15.3 OK for: @types/express@4.17.18 want: *
170 silly fetch manifest @types/http-errors@*
171 silly fetch manifest @types/mime@*
172 http fetch GET 200 https://registry.npmjs.org/@types%2fsend 44ms (cache hit)
173 http fetch GET 200 https://registry.npmjs.org/@types%2fhttp-errors 40ms (cache hit)
174 http fetch GET 200 https://registry.npmjs.org/@types%2fmime 37ms (cache hit)
175 http fetch GET 200 https://registry.npmjs.org/@types%2fconnect 58ms (cache revalidated)
176 http fetch GET 200 https://registry.npmjs.org/@types%2frange-parser 64ms (cache revalidated)
177 timing idealTree:node_modules/peer/node_modules/@types/express Completed in 95ms
178 silly placeDep node_modules/peer @types/connect@3.4.36 OK for: @types/body-parser@1.19.3 want: *
179 silly placeDep node_modules/peer @types/node@20.8.0 OK for: @types/body-parser@1.19.3 want: *
180 timing idealTree:node_modules/peer/node_modules/@types/body-parser Completed in 8ms
181 timing idealTree:node_modules/peer/node_modules/@types/connect Completed in 0ms
182 silly placeDep node_modules/peer @types/range-parser@1.2.5 OK for: @types/express-serve-static-core@4.17.37 want: *
183 silly placeDep node_modules/peer @types/send@0.17.2 OK for: @types/express-serve-static-core@4.17.37 want: *
184 silly fetch manifest @types/mime@^1
185 timing idealTree:node_modules/peer/node_modules/@types/express-serve-static-core Completed in 13ms
186 timing idealTree:node_modules/peer/node_modules/@types/node Completed in 0ms
187 timing idealTree:node_modules/peer/node_modules/@types/qs Completed in 1ms
188 timing idealTree:node_modules/peer/node_modules/@types/range-parser Completed in 0ms
189 silly placeDep node_modules/peer @types/mime@1.3.3 OK for: @types/send@0.17.2 want: ^1
190 timing idealTree:node_modules/peer/node_modules/@types/send Completed in 1ms
191 timing idealTree:node_modules/peer/node_modules/@types/mime Completed in 0ms
192 silly placeDep node_modules/peer @types/http-errors@2.0.2 OK for: @types/serve-static@1.15.3 want: *
193 timing idealTree:node_modules/peer/node_modules/@types/serve-static Completed in 2ms
194 timing idealTree:node_modules/peer/node_modules/@types/http-errors Completed in 0ms
195 timing idealTree:node_modules/peer/node_modules/@types/ws Completed in 0ms
196 silly placeDep node_modules/peer object-assign@4.1.1 OK for: cors@2.8.5 want: ^4
197 silly placeDep node_modules/peer vary@1.1.2 OK for: cors@2.8.5 want: ^1
198 timing idealTree:node_modules/peer/node_modules/cors Completed in 4ms
199 silly placeDep node_modules/peer accepts@1.3.8 OK for: express@4.18.2 want: ~1.3.8
200 silly fetch manifest mime-types@~2.1.34
201 silly fetch manifest negotiator@0.6.3
202 silly placeDep node_modules/peer array-flatten@1.1.1 OK for: express@4.18.2 want: 1.1.1
203 silly placeDep node_modules/peer body-parser@1.20.1 OK for: express@4.18.2 want: 1.20.1
204 silly fetch manifest bytes@3.1.2
205 silly fetch manifest destroy@1.2.0
206 silly fetch manifest iconv-lite@0.4.24
207 silly fetch manifest raw-body@2.5.1
208 silly fetch manifest unpipe@1.0.0
209 silly placeDep node_modules/peer content-disposition@0.5.4 OK for: express@4.18.2 want: 0.5.4
210 silly placeDep node_modules/peer content-type@1.0.5 OK for: express@4.18.2 want: ~1.0.4
211 silly placeDep node_modules/peer cookie@0.5.0 OK for: express@4.18.2 want: 0.5.0
212 silly placeDep node_modules/peer cookie-signature@1.0.6 OK for: express@4.18.2 want: 1.0.6
213 silly placeDep node_modules/peer debug@2.6.9 OK for: express@4.18.2 want: 2.6.9
214 silly fetch manifest ms@2.0.0
215 silly placeDep node_modules/peer depd@2.0.0 OK for: express@4.18.2 want: 2.0.0
216 silly placeDep node_modules/peer encodeurl@1.0.2 OK for: express@4.18.2 want: ~1.0.2
217 silly placeDep node_modules/peer escape-html@1.0.3 OK for: express@4.18.2 want: ~1.0.3
218 silly placeDep node_modules/peer etag@1.8.1 OK for: express@4.18.2 want: ~1.8.1
219 silly placeDep node_modules/peer finalhandler@1.2.0 OK for: express@4.18.2 want: 1.2.0
220 silly fetch manifest unpipe@~1.0.0
221 silly placeDep node_modules/peer fresh@0.5.2 OK for: express@4.18.2 want: 0.5.2
222 silly placeDep node_modules/peer http-errors@2.0.0 OK for: express@4.18.2 want: 2.0.0
223 silly fetch manifest inherits@2.0.4
224 silly fetch manifest toidentifier@1.0.1
225 silly placeDep node_modules/peer merge-descriptors@1.0.1 OK for: express@4.18.2 want: 1.0.1
226 silly placeDep node_modules/peer methods@1.1.2 OK for: express@4.18.2 want: ~1.1.2
227 silly placeDep node_modules/peer on-finished@2.4.1 OK for: express@4.18.2 want: 2.4.1
228 silly fetch manifest ee-first@1.1.1
229 silly placeDep node_modules/peer parseurl@1.3.3 OK for: express@4.18.2 want: ~1.3.3
230 silly placeDep node_modules/peer path-to-regexp@0.1.7 OK for: express@4.18.2 want: 0.1.7
231 silly placeDep node_modules/peer proxy-addr@2.0.7 OK for: express@4.18.2 want: ~2.0.7
232 silly fetch manifest forwarded@0.2.0
233 silly fetch manifest ipaddr.js@1.9.1
234 silly placeDep node_modules/peer qs@6.11.0 OK for: express@4.18.2 want: 6.11.0
235 silly fetch manifest side-channel@^1.0.4
236 silly placeDep node_modules/peer range-parser@1.2.1 OK for: express@4.18.2 want: ~1.2.1
237 silly placeDep node_modules/peer safe-buffer@5.2.1 OK for: express@4.18.2 want: 5.2.1
238 silly placeDep node_modules/peer send@0.18.0 OK for: express@4.18.2 want: 0.18.0
239 silly fetch manifest mime@1.6.0
240 silly fetch manifest ms@2.1.3
241 silly placeDep node_modules/peer serve-static@1.15.0 OK for: express@4.18.2 want: 1.15.0
242 silly placeDep node_modules/peer setprototypeof@1.2.0 OK for: express@4.18.2 want: 1.2.0
243 silly placeDep node_modules/peer statuses@2.0.1 OK for: express@4.18.2 want: 2.0.1
244 silly placeDep node_modules/peer type-is@1.6.18 OK for: express@4.18.2 want: ~1.6.18
245 silly fetch manifest media-typer@0.3.0
246 silly fetch manifest mime-types@~2.1.24
247 silly placeDep node_modules/peer utils-merge@1.0.1 OK for: express@4.18.2 want: 1.0.1
248 http fetch GET 200 https://registry.npmjs.org/mime-types 263ms (cache hit)
249 http fetch GET 200 https://registry.npmjs.org/negotiator 263ms (cache hit)
250 http fetch GET 200 https://registry.npmjs.org/bytes 252ms (cache hit)
251 http fetch GET 200 https://registry.npmjs.org/destroy 251ms (cache hit)
252 http fetch GET 200 https://registry.npmjs.org/iconv-lite 249ms (cache hit)
253 http fetch GET 200 https://registry.npmjs.org/raw-body 252ms (cache hit)
254 http fetch GET 200 https://registry.npmjs.org/forwarded 225ms (cache hit)
255 http fetch GET 200 https://registry.npmjs.org/ipaddr.js 225ms (cache hit)
256 http fetch GET 200 https://registry.npmjs.org/side-channel 223ms (cache hit)
257 http fetch GET 200 https://registry.npmjs.org/media-typer 217ms (cache hit)
258 http fetch GET 200 https://registry.npmjs.org/toidentifier 243ms (cache hit)
259 http fetch GET 200 https://registry.npmjs.org/ee-first 241ms (cache hit)
260 http fetch GET 200 https://registry.npmjs.org/mime-types 218ms (cache hit)
261 http fetch GET 200 https://registry.npmjs.org/ms 274ms (cache revalidated)
262 http fetch GET 200 https://registry.npmjs.org/unpipe 283ms (cache revalidated)
263 http fetch GET 200 https://registry.npmjs.org/unpipe 270ms (cache revalidated)
264 http fetch GET 200 https://registry.npmjs.org/ms 247ms (cache revalidated)
265 http fetch GET 200 https://registry.npmjs.org/inherits 269ms (cache revalidated)
266 http fetch GET 200 https://registry.npmjs.org/mime 250ms (cache revalidated)
267 timing idealTree:node_modules/peer/node_modules/express Completed in 335ms
268 silly placeDep node_modules/peer mime-types@2.1.35 OK for: accepts@1.3.8 want: ~2.1.34
269 silly fetch manifest mime-db@1.52.0
270 silly placeDep node_modules/peer negotiator@0.6.3 OK for: accepts@1.3.8 want: 0.6.3
271 http fetch GET 200 https://registry.npmjs.org/mime-db 11ms (cache hit)
272 timing idealTree:node_modules/peer/node_modules/accepts Completed in 18ms
273 timing idealTree:node_modules/peer/node_modules/array-flatten Completed in 0ms
274 silly placeDep node_modules/peer bytes@3.1.2 OK for: body-parser@1.20.1 want: 3.1.2
275 silly placeDep node_modules/peer destroy@1.2.0 OK for: body-parser@1.20.1 want: 1.2.0
276 silly placeDep node_modules/peer iconv-lite@0.4.24 OK for: body-parser@1.20.1 want: 0.4.24
277 silly fetch manifest safer-buffer@>= 2.1.2 < 3
278 silly placeDep node_modules/peer raw-body@2.5.1 OK for: body-parser@1.20.1 want: 2.5.1
279 silly placeDep node_modules/peer unpipe@1.0.0 OK for: body-parser@1.20.1 want: 1.0.0
280 http fetch GET 200 https://registry.npmjs.org/safer-buffer 18ms (cache hit)
281 timing idealTree:node_modules/peer/node_modules/body-parser Completed in 32ms
282 timing idealTree:node_modules/peer/node_modules/bytes Completed in 0ms
283 timing idealTree:node_modules/peer/node_modules/content-disposition Completed in 0ms
284 timing idealTree:node_modules/peer/node_modules/content-type Completed in 0ms
285 timing idealTree:node_modules/peer/node_modules/cookie Completed in 0ms
286 timing idealTree:node_modules/peer/node_modules/cookie-signature Completed in 0ms
287 silly placeDep node_modules/peer ms@2.0.0 OK for: debug@2.6.9 want: 2.0.0
288 timing idealTree:node_modules/peer/node_modules/debug Completed in 1ms
289 timing idealTree:node_modules/peer/node_modules/depd Completed in 0ms
290 timing idealTree:node_modules/peer/node_modules/destroy Completed in 0ms
291 timing idealTree:node_modules/peer/node_modules/encodeurl Completed in 0ms
292 timing idealTree:node_modules/peer/node_modules/escape-html Completed in 0ms
293 timing idealTree:node_modules/peer/node_modules/etag Completed in 0ms
294 timing idealTree:node_modules/peer/node_modules/finalhandler Completed in 0ms
295 timing idealTree:node_modules/peer/node_modules/fresh Completed in 0ms
296 silly placeDep node_modules/peer inherits@2.0.4 OK for: http-errors@2.0.0 want: 2.0.4
297 silly placeDep node_modules/peer toidentifier@1.0.1 OK for: http-errors@2.0.0 want: 1.0.1
298 timing idealTree:node_modules/peer/node_modules/http-errors Completed in 2ms
299 silly placeDep node_modules/peer safer-buffer@2.1.2 OK for: iconv-lite@0.4.24 want: >= 2.1.2 < 3
300 timing idealTree:node_modules/peer/node_modules/iconv-lite Completed in 6ms
301 timing idealTree:node_modules/peer/node_modules/inherits Completed in 0ms
302 timing idealTree:node_modules/peer/node_modules/merge-descriptors Completed in 0ms
303 timing idealTree:node_modules/peer/node_modules/methods Completed in 0ms
304 silly placeDep node_modules/peer mime-db@1.52.0 OK for: mime-types@2.1.35 want: 1.52.0
305 timing idealTree:node_modules/peer/node_modules/mime-types Completed in 1ms
306 timing idealTree:node_modules/peer/node_modules/mime-db Completed in 0ms
307 timing idealTree:node_modules/peer/node_modules/ms Completed in 0ms
308 timing idealTree:node_modules/peer/node_modules/negotiator Completed in 0ms
309 silly placeDep node_modules/peer data-uri-to-buffer@4.0.1 OK for: node-fetch@3.3.2 want: ^4.0.0
310 silly placeDep node_modules/peer fetch-blob@3.2.0 OK for: node-fetch@3.3.2 want: ^3.1.4
311 silly fetch manifest node-domexception@^1.0.0
312 silly fetch manifest web-streams-polyfill@^3.0.3
313 silly placeDep node_modules/peer formdata-polyfill@4.0.10 OK for: node-fetch@3.3.2 want: ^4.0.10
314 http fetch GET 200 https://registry.npmjs.org/node-domexception 31ms (cache hit)
315 http fetch GET 200 https://registry.npmjs.org/web-streams-polyfill 31ms (cache hit)
316 timing idealTree:node_modules/peer/node_modules/node-fetch Completed in 51ms
317 timing idealTree:node_modules/peer/node_modules/data-uri-to-buffer Completed in 0ms
318 silly placeDep node_modules/peer node-domexception@1.0.0 OK for: fetch-blob@3.2.0 want: ^1.0.0
319 silly placeDep node_modules/peer web-streams-polyfill@3.2.1 OK for: fetch-blob@3.2.0 want: ^3.0.3
320 timing idealTree:node_modules/peer/node_modules/fetch-blob Completed in 6ms
321 timing idealTree:node_modules/peer/node_modules/formdata-polyfill Completed in 0ms
322 timing idealTree:node_modules/peer/node_modules/node-domexception Completed in 0ms
323 timing idealTree:node_modules/peer/node_modules/object-assign Completed in 0ms
324 silly placeDep node_modules/peer ee-first@1.1.1 OK for: on-finished@2.4.1 want: 1.1.1
325 timing idealTree:node_modules/peer/node_modules/on-finished Completed in 1ms
326 timing idealTree:node_modules/peer/node_modules/ee-first Completed in 0ms
327 timing idealTree:node_modules/peer/node_modules/parseurl Completed in 0ms
328 timing idealTree:node_modules/peer/node_modules/path-to-regexp Completed in 0ms
329 silly placeDep node_modules/peer forwarded@0.2.0 OK for: proxy-addr@2.0.7 want: 0.2.0
330 silly placeDep node_modules/peer ipaddr.js@1.9.1 OK for: proxy-addr@2.0.7 want: 1.9.1
331 timing idealTree:node_modules/peer/node_modules/proxy-addr Completed in 6ms
332 timing idealTree:node_modules/peer/node_modules/forwarded Completed in 0ms
333 timing idealTree:node_modules/peer/node_modules/ipaddr.js Completed in 0ms
334 silly placeDep node_modules/peer side-channel@1.0.4 OK for: qs@6.11.0 want: ^1.0.4
335 silly fetch manifest call-bind@^1.0.0
336 silly fetch manifest get-intrinsic@^1.0.2
337 silly fetch manifest object-inspect@^1.9.0
338 http fetch GET 200 https://registry.npmjs.org/call-bind 26ms (cache hit)
339 http fetch GET 200 https://registry.npmjs.org/get-intrinsic 25ms (cache hit)
340 http fetch GET 200 https://registry.npmjs.org/object-inspect 25ms (cache hit)
341 timing idealTree:node_modules/peer/node_modules/qs Completed in 30ms
342 timing idealTree:node_modules/peer/node_modules/range-parser Completed in 0ms
343 timing idealTree:node_modules/peer/node_modules/raw-body Completed in 0ms
344 timing idealTree:node_modules/peer/node_modules/safe-buffer Completed in 0ms
345 timing idealTree:node_modules/peer/node_modules/safer-buffer Completed in 0ms
346 silly placeDep node_modules/peer mime@1.6.0 OK for: send@0.18.0 want: 1.6.0
347 silly placeDep node_modules/peer/node_modules/send ms@2.1.3 OK for: send@0.18.0 want: 2.1.3
348 timing idealTree:node_modules/peer/node_modules/send Completed in 9ms
349 timing idealTree:node_modules/peer/node_modules/mime Completed in 0ms
350 timing idealTree:node_modules/peer/node_modules/serve-static Completed in 0ms
351 timing idealTree:node_modules/peer/node_modules/setprototypeof Completed in 0ms
352 silly placeDep node_modules/peer call-bind@1.0.2 OK for: side-channel@1.0.4 want: ^1.0.0
353 silly fetch manifest function-bind@^1.1.1
354 silly placeDep node_modules/peer get-intrinsic@1.2.1 OK for: side-channel@1.0.4 want: ^1.0.2
355 silly fetch manifest has@^1.0.3
356 silly fetch manifest has-proto@^1.0.1
357 silly fetch manifest has-symbols@^1.0.3
358 silly placeDep node_modules/peer object-inspect@1.12.3 OK for: side-channel@1.0.4 want: ^1.9.0
359 http fetch GET 200 https://registry.npmjs.org/function-bind 98ms (cache hit)
360 http fetch GET 200 https://registry.npmjs.org/has 98ms (cache hit)
361 http fetch GET 200 https://registry.npmjs.org/has-proto 114ms (cache revalidated)
362 http fetch GET 200 https://registry.npmjs.org/has-symbols 116ms (cache revalidated)
363 timing idealTree:node_modules/peer/node_modules/side-channel Completed in 133ms
364 silly placeDep node_modules/peer function-bind@1.1.1 OK for: call-bind@1.0.2 want: ^1.1.1
365 timing idealTree:node_modules/peer/node_modules/call-bind Completed in 6ms
366 timing idealTree:node_modules/peer/node_modules/function-bind Completed in 0ms
367 silly placeDep node_modules/peer has@1.0.3 OK for: get-intrinsic@1.2.1 want: ^1.0.3
368 silly placeDep node_modules/peer has-proto@1.0.1 OK for: get-intrinsic@1.2.1 want: ^1.0.1
369 silly placeDep node_modules/peer has-symbols@1.0.3 OK for: get-intrinsic@1.2.1 want: ^1.0.3
370 timing idealTree:node_modules/peer/node_modules/get-intrinsic Completed in 9ms
371 timing idealTree:node_modules/peer/node_modules/has Completed in 0ms
372 timing idealTree:node_modules/peer/node_modules/has-proto Completed in 0ms
373 timing idealTree:node_modules/peer/node_modules/has-symbols Completed in 0ms
374 timing idealTree:node_modules/peer/node_modules/object-inspect Completed in 0ms
375 timing idealTree:node_modules/peer/node_modules/statuses Completed in 0ms
376 timing idealTree:node_modules/peer/node_modules/toidentifier Completed in 0ms
377 silly placeDep node_modules/peer media-typer@0.3.0 OK for: type-is@1.6.18 want: 0.3.0
378 timing idealTree:node_modules/peer/node_modules/type-is Completed in 2ms
379 timing idealTree:node_modules/peer/node_modules/media-typer Completed in 0ms
380 timing idealTree:node_modules/peer/node_modules/unpipe Completed in 0ms
381 timing idealTree:node_modules/peer/node_modules/utils-merge Completed in 0ms
382 timing idealTree:node_modules/peer/node_modules/vary Completed in 0ms
383 timing idealTree:node_modules/peer/node_modules/web-streams-polyfill Completed in 0ms
384 timing idealTree:node_modules/peer/node_modules/ws Completed in 0ms
385 silly placeDep node_modules/peer cliui@8.0.1 OK for: yargs@17.7.2 want: ^8.0.1
386 silly fetch manifest string-width@^4.2.0
387 silly fetch manifest strip-ansi@^6.0.1
388 silly fetch manifest wrap-ansi@^7.0.0
389 silly placeDep node_modules/peer escalade@3.1.1 OK for: yargs@17.7.2 want: ^3.1.1
390 silly placeDep node_modules/peer get-caller-file@2.0.5 OK for: yargs@17.7.2 want: ^2.0.5
391 silly placeDep node_modules/peer require-directory@2.1.1 OK for: yargs@17.7.2 want: ^2.1.1
392 silly placeDep node_modules/peer string-width@4.2.3 OK for: yargs@17.7.2 want: ^4.2.3
393 silly fetch manifest emoji-regex@^8.0.0
394 silly fetch manifest is-fullwidth-code-point@^3.0.0
395 silly placeDep node_modules/peer y18n@5.0.8 OK for: yargs@17.7.2 want: ^5.0.5
396 silly placeDep node_modules/peer yargs-parser@21.1.1 OK for: yargs@17.7.2 want: ^21.1.1
397 http fetch GET 200 https://registry.npmjs.org/strip-ansi 40ms (cache hit)
398 http fetch GET 200 https://registry.npmjs.org/wrap-ansi 39ms (cache hit)
399 http fetch GET 200 https://registry.npmjs.org/emoji-regex 35ms (cache hit)
400 http fetch GET 200 https://registry.npmjs.org/is-fullwidth-code-point 49ms (cache revalidated)
401 timing idealTree:node_modules/peer/node_modules/yargs Completed in 61ms
402 silly placeDep node_modules/peer strip-ansi@6.0.1 OK for: cliui@8.0.1 want: ^6.0.1
403 silly fetch manifest ansi-regex@^5.0.1
404 silly placeDep node_modules/peer wrap-ansi@7.0.0 OK for: cliui@8.0.1 want: ^7.0.0
405 silly fetch manifest ansi-styles@^4.0.0
406 http fetch GET 200 https://registry.npmjs.org/ansi-styles 20ms (cache hit)
407 http fetch GET 200 https://registry.npmjs.org/ansi-regex 51ms (cache revalidated)
408 timing idealTree:node_modules/peer/node_modules/cliui Completed in 61ms
409 timing idealTree:node_modules/peer/node_modules/escalade Completed in 0ms
410 timing idealTree:node_modules/peer/node_modules/get-caller-file Completed in 0ms
411 timing idealTree:node_modules/peer/node_modules/require-directory Completed in 0ms
412 silly placeDep node_modules/peer emoji-regex@8.0.0 OK for: string-width@4.2.3 want: ^8.0.0
413 silly placeDep node_modules/peer is-fullwidth-code-point@3.0.0 OK for: string-width@4.2.3 want: ^3.0.0
414 timing idealTree:node_modules/peer/node_modules/string-width Completed in 8ms
415 timing idealTree:node_modules/peer/node_modules/emoji-regex Completed in 0ms
416 timing idealTree:node_modules/peer/node_modules/is-fullwidth-code-point Completed in 0ms
417 silly placeDep node_modules/peer ansi-regex@5.0.1 OK for: strip-ansi@6.0.1 want: ^5.0.1
418 timing idealTree:node_modules/peer/node_modules/strip-ansi Completed in 1ms
419 timing idealTree:node_modules/peer/node_modules/ansi-regex Completed in 0ms
420 silly placeDep node_modules/peer ansi-styles@4.3.0 OK for: wrap-ansi@7.0.0 want: ^4.0.0
421 silly fetch manifest color-convert@^2.0.1
422 http fetch GET 200 https://registry.npmjs.org/color-convert 15ms (cache hit)
423 timing idealTree:node_modules/peer/node_modules/wrap-ansi Completed in 30ms
424 silly placeDep node_modules/peer color-convert@2.0.1 OK for: ansi-styles@4.3.0 want: ^2.0.1
425 silly fetch manifest color-name@~1.1.4
426 http fetch GET 200 https://registry.npmjs.org/color-name 8ms (cache hit)
427 timing idealTree:node_modules/peer/node_modules/ansi-styles Completed in 11ms
428 silly placeDep node_modules/peer color-name@1.1.4 OK for: color-convert@2.0.1 want: ~1.1.4
429 timing idealTree:node_modules/peer/node_modules/color-convert Completed in 4ms
430 timing idealTree:node_modules/peer/node_modules/color-name Completed in 0ms
431 timing idealTree:node_modules/peer/node_modules/y18n Completed in 0ms
432 timing idealTree:node_modules/peer/node_modules/yargs-parser Completed in 0ms
433 timing idealTree:node_modules/peer/node_modules/send/node_modules/ms Completed in 0ms
434 timing idealTree:buildDeps Completed in 2043ms
435 timing idealTree:fixDepFlags Completed in 2ms
436 timing idealTree Completed in 2073ms
437 timing reify:loadTrees Completed in 2089ms
438 timing reify:diffTrees Completed in 13ms
439 silly reify moves {}
440 timing reify:retireShallow Completed in 1ms
441 timing reify:createSparse Completed in 30ms
442 timing reify:loadBundles Completed in 0ms
443 timing reifyNode:node_modules/peer/node_modules/color-name Completed in 781ms
444 timing reifyNode:node_modules/peer/node_modules/object-assign Completed in 767ms
445 timing reifyNode:node_modules/peer/node_modules/@types/send Completed in 768ms
446 timing reifyNode:node_modules/peer/node_modules/@types/body-parser Completed in 783ms
447 timing reifyNode:node_modules/peer/node_modules/@types/http-errors Completed in 784ms
448 timing reifyNode:node_modules/peer/node_modules/is-fullwidth-code-point Completed in 815ms
449 timing reifyNode:node_modules/peer/node_modules/@types/connect Completed in 801ms
450 timing reifyNode:node_modules/peer/node_modules/ms Completed in 829ms
451 timing reifyNode:node_modules/peer/node_modules/send/node_modules/ms Completed in 818ms
452 timing reifyNode:node_modules/peer/node_modules/@types/qs Completed in 818ms
453 timing reifyNode:node_modules/peer/node_modules/vary Completed in 818ms
454 timing reifyNode:node_modules/peer/node_modules/get-caller-file Completed in 831ms
455 timing reifyNode:node_modules/peer/node_modules/destroy Completed in 825ms
456 timing reifyNode:node_modules/peer/node_modules/@types/express-serve-static-core Completed in 817ms
457 timing reifyNode:node_modules/peer/node_modules/@types/express Completed in 818ms
458 timing reifyNode:node_modules/peer/node_modules/escape-html Completed in 819ms
459 timing reifyNode:node_modules/peer/node_modules/array-flatten Completed in 819ms
460 timing reifyNode:node_modules/peer/node_modules/@types/range-parser Completed in 819ms
461 timing reifyNode:node_modules/peer/node_modules/wrap-ansi Completed in 839ms
462 timing reifyNode:node_modules/peer/node_modules/@types/serve-static Completed in 825ms
463 timing reifyNode:node_modules/peer/node_modules/string-width Completed in 855ms
464 timing reifyNode:node_modules/peer/node_modules/strip-ansi Completed in 855ms
465 timing reifyNode:node_modules/peer/node_modules/fresh Completed in 842ms
466 timing reifyNode:node_modules/peer/node_modules/cookie-signature Completed in 842ms
467 timing reifyNode:node_modules/peer/node_modules/ee-first Completed in 854ms
468 timing reifyNode:node_modules/peer/node_modules/range-parser Completed in 851ms
469 timing reifyNode:node_modules/peer/node_modules/path-to-regexp Completed in 855ms
470 timing reifyNode:node_modules/peer/node_modules/utils-merge Completed in 862ms
471 timing reifyNode:node_modules/peer/node_modules/media-typer Completed in 868ms
472 timing reifyNode:node_modules/peer/node_modules/ansi-styles Completed in 869ms
473 timing reifyNode:node_modules/peer/node_modules/type-is Completed in 856ms
474 timing reifyNode:node_modules/peer/node_modules/http-errors Completed in 856ms
475 timing reifyNode:node_modules/peer/node_modules/parseurl Completed in 857ms
476 timing reifyNode:node_modules/peer/node_modules/etag Completed in 856ms
477 timing reifyNode:node_modules/peer/node_modules/encodeurl Completed in 856ms
478 timing reifyNode:node_modules/peer/node_modules/content-type Completed in 856ms
479 timing reifyNode:node_modules/peer/node_modules/accepts Completed in 856ms
480 timing reifyNode:node_modules/peer/node_modules/ansi-regex Completed in 870ms
481 timing reifyNode:node_modules/peer/node_modules/forwarded Completed in 887ms
482 timing reifyNode:node_modules/peer/node_modules/proxy-addr Completed in 876ms
483 timing reifyNode:node_modules/peer/node_modules/toidentifier Completed in 887ms
484 timing reifyNode:node_modules/peer/node_modules/bytes Completed in 882ms
485 timing reifyNode:node_modules/peer/node_modules/inherits Completed in 888ms
486 timing reifyNode:node_modules/peer/node_modules/unpipe Completed in 887ms
487 timing reifyNode:node_modules/peer/node_modules/merge-descriptors Completed in 877ms
488 timing reifyNode:node_modules/peer/node_modules/methods Completed in 877ms
489 timing reifyNode:node_modules/peer/node_modules/@types/mime Completed in 876ms
490 timing reifyNode:node_modules/peer/node_modules/on-finished Completed in 877ms
491 timing reifyNode:node_modules/peer/node_modules/@types/ws Completed in 880ms
492 timing reifyNode:node_modules/peer/node_modules/serve-static Completed in 890ms
493 timing reifyNode:node_modules/peer/node_modules/content-disposition Completed in 890ms
494 timing reifyNode:node_modules/peer/node_modules/has Completed in 903ms
495 timing reifyNode:node_modules/peer/node_modules/cookie Completed in 897ms
496 timing reifyNode:node_modules/peer/node_modules/require-directory Completed in 910ms
497 timing reifyNode:node_modules/peer/node_modules/finalhandler Completed in 897ms
498 timing reifyNode:node_modules/peer/node_modules/color-convert Completed in 911ms
499 timing reifyNode:node_modules/peer/node_modules/data-uri-to-buffer Completed in 909ms
500 timing reifyNode:node_modules/peer/node_modules/mime-types Completed in 905ms
501 timing reifyNode:node_modules/peer/node_modules/statuses Completed in 899ms
502 timing reifyNode:node_modules/peer/node_modules/setprototypeof Completed in 899ms
503 timing reifyNode:node_modules/peer/node_modules/cors Completed in 905ms
504 timing reifyNode:node_modules/peer/node_modules/safe-buffer Completed in 907ms
505 timing reifyNode:node_modules/peer/node_modules/depd Completed in 913ms
506 timing reifyNode:node_modules/peer/node_modules/escalade Completed in 926ms
507 timing reifyNode:node_modules/peer/node_modules/has-proto Completed in 926ms
508 timing reifyNode:node_modules/peer/node_modules/raw-body Completed in 930ms
509 timing reifyNode:node_modules/peer/node_modules/safer-buffer Completed in 931ms
510 timing reifyNode:node_modules/peer/node_modules/formdata-polyfill Completed in 939ms
511 timing reifyNode:node_modules/peer/node_modules/emoji-regex Completed in 941ms
512 timing reifyNode:node_modules/peer/node_modules/ipaddr.js Completed in 940ms
513 timing reifyNode:node_modules/peer/node_modules/cliui Completed in 941ms
514 timing reifyNode:node_modules/peer/node_modules/fetch-blob Completed in 946ms
515 timing reifyNode:node_modules/peer/node_modules/send Completed in 936ms
516 timing reifyNode:node_modules/peer/node_modules/negotiator Completed in 942ms
517 timing reifyNode:node_modules/peer/node_modules/y18n Completed in 950ms
518 timing reifyNode:node_modules/peer/node_modules/side-channel Completed in 954ms
519 timing reifyNode:node_modules/peer/node_modules/function-bind Completed in 956ms
520 timing reifyNode:node_modules/peer/node_modules/get-intrinsic Completed in 955ms
521 timing reifyNode:node_modules/peer/node_modules/mime Completed in 955ms
522 timing reifyNode:node_modules/peer/node_modules/call-bind Completed in 962ms
523 timing reifyNode:node_modules/peer/node_modules/has-symbols Completed in 973ms
524 timing reifyNode:node_modules/peer/node_modules/mime-db Completed in 973ms
525 timing reifyNode:node_modules/peer/node_modules/body-parser Completed in 966ms
526 timing reifyNode:node_modules/peer/node_modules/debug Completed in 967ms
527 timing reifyNode:node_modules/peer/node_modules/yargs-parser Completed in 985ms
528 timing reifyNode:node_modules/peer Completed in 1005ms
529 timing reifyNode:node_modules/peer/node_modules/ws Completed in 992ms
530 timing reifyNode:node_modules/peer/node_modules/express Completed in 1016ms
531 timing reifyNode:node_modules/peer/node_modules/node-fetch Completed in 1017ms
532 timing reifyNode:node_modules/peer/node_modules/qs Completed in 1031ms
533 timing reifyNode:node_modules/peer/node_modules/object-inspect Completed in 1050ms
534 timing reifyNode:node_modules/peer/node_modules/node-domexception Completed in 1053ms
535 timing reifyNode:node_modules/peer/node_modules/iconv-lite Completed in 1049ms
536 timing reifyNode:node_modules/peer/node_modules/yargs Completed in 1085ms
537 timing reifyNode:node_modules/peer/node_modules/@types/node Completed in 1188ms
538 timing reifyNode:node_modules/peer/node_modules/web-streams-polyfill Completed in 1215ms
539 timing reify:unpack Completed in 1218ms
540 timing reify:unretire Completed in 0ms
541 timing build:queue Completed in 17ms
542 timing build:link:node_modules/peer/node_modules/mime Completed in 2ms
543 timing build:link:node_modules/peer Completed in 3ms
544 timing build:link Completed in 3ms
545 timing build:deps Completed in 20ms
546 timing build Completed in 21ms
547 timing reify:build Completed in 21ms
548 timing reify:trash Completed in 0ms
549 timing reify Completed in 3409ms
550 silly ADD node_modules/peer
551 silly ADD node_modules/peer/node_modules/color-name
552 silly ADD node_modules/peer/node_modules/color-convert
553 silly ADD node_modules/peer/node_modules/ansi-styles
554 silly ADD node_modules/peer/node_modules/ansi-regex
555 silly ADD node_modules/peer/node_modules/is-fullwidth-code-point
556 silly ADD node_modules/peer/node_modules/emoji-regex
557 silly ADD node_modules/peer/node_modules/wrap-ansi
558 silly ADD node_modules/peer/node_modules/strip-ansi
559 silly ADD node_modules/peer/node_modules/yargs-parser
560 silly ADD node_modules/peer/node_modules/y18n
561 silly ADD node_modules/peer/node_modules/string-width
562 silly ADD node_modules/peer/node_modules/require-directory
563 silly ADD node_modules/peer/node_modules/get-caller-file
564 silly ADD node_modules/peer/node_modules/escalade
565 silly ADD node_modules/peer/node_modules/cliui
566 silly ADD node_modules/peer/node_modules/media-typer
567 silly ADD node_modules/peer/node_modules/has-symbols
568 silly ADD node_modules/peer/node_modules/has-proto
569 silly ADD node_modules/peer/node_modules/has
570 silly ADD node_modules/peer/node_modules/function-bind
571 silly ADD node_modules/peer/node_modules/object-inspect
572 silly ADD node_modules/peer/node_modules/get-intrinsic
573 silly ADD node_modules/peer/node_modules/call-bind
574 silly ADD node_modules/peer/node_modules/mime
575 silly ADD node_modules/peer/node_modules/side-channel
576 silly ADD node_modules/peer/node_modules/ipaddr.js
577 silly ADD node_modules/peer/node_modules/forwarded
578 silly ADD node_modules/peer/node_modules/ee-first
579 silly ADD node_modules/peer/node_modules/web-streams-polyfill
580 silly ADD node_modules/peer/node_modules/node-domexception
581 silly ADD node_modules/peer/node_modules/formdata-polyfill
582 silly ADD node_modules/peer/node_modules/fetch-blob
583 silly ADD node_modules/peer/node_modules/data-uri-to-buffer
584 silly ADD node_modules/peer/node_modules/mime-db
585 silly ADD node_modules/peer/node_modules/safer-buffer
586 silly ADD node_modules/peer/node_modules/toidentifier
587 silly ADD node_modules/peer/node_modules/inherits
588 silly ADD node_modules/peer/node_modules/ms
589 silly ADD node_modules/peer/node_modules/unpipe
590 silly ADD node_modules/peer/node_modules/raw-body
591 silly ADD node_modules/peer/node_modules/iconv-lite
592 silly ADD node_modules/peer/node_modules/destroy
593 silly ADD node_modules/peer/node_modules/bytes
594 silly ADD node_modules/peer/node_modules/negotiator
595 silly ADD node_modules/peer/node_modules/mime-types
596 silly ADD node_modules/peer/node_modules/utils-merge
597 silly ADD node_modules/peer/node_modules/type-is
598 silly ADD node_modules/peer/node_modules/statuses
599 silly ADD node_modules/peer/node_modules/setprototypeof
600 silly ADD node_modules/peer/node_modules/serve-static
601 silly ADD node_modules/peer/node_modules/send
602 silly ADD node_modules/peer/node_modules/send/node_modules/ms
603 silly ADD node_modules/peer/node_modules/safe-buffer
604 silly ADD node_modules/peer/node_modules/range-parser
605 silly ADD node_modules/peer/node_modules/qs
606 silly ADD node_modules/peer/node_modules/proxy-addr
607 silly ADD node_modules/peer/node_modules/path-to-regexp
608 silly ADD node_modules/peer/node_modules/parseurl
609 silly ADD node_modules/peer/node_modules/on-finished
610 silly ADD node_modules/peer/node_modules/methods
611 silly ADD node_modules/peer/node_modules/merge-descriptors
612 silly ADD node_modules/peer/node_modules/http-errors
613 silly ADD node_modules/peer/node_modules/fresh
614 silly ADD node_modules/peer/node_modules/finalhandler
615 silly ADD node_modules/peer/node_modules/etag
616 silly ADD node_modules/peer/node_modules/escape-html
617 silly ADD node_modules/peer/node_modules/encodeurl
618 silly ADD node_modules/peer/node_modules/depd
619 silly ADD node_modules/peer/node_modules/debug
620 silly ADD node_modules/peer/node_modules/cookie-signature
621 silly ADD node_modules/peer/node_modules/cookie
622 silly ADD node_modules/peer/node_modules/content-type
623 silly ADD node_modules/peer/node_modules/content-disposition
624 silly ADD node_modules/peer/node_modules/body-parser
625 silly ADD node_modules/peer/node_modules/array-flatten
626 silly ADD node_modules/peer/node_modules/accepts
627 silly ADD node_modules/peer/node_modules/vary
628 silly ADD node_modules/peer/node_modules/object-assign
629 silly ADD node_modules/peer/node_modules/@types/http-errors
630 silly ADD node_modules/peer/node_modules/@types/mime
631 silly ADD node_modules/peer/node_modules/@types/send
632 silly ADD node_modules/peer/node_modules/@types/range-parser
633 silly ADD node_modules/peer/node_modules/@types/node
634 silly ADD node_modules/peer/node_modules/@types/connect
635 silly ADD node_modules/peer/node_modules/@types/serve-static
636 silly ADD node_modules/peer/node_modules/@types/qs
637 silly ADD node_modules/peer/node_modules/@types/express-serve-static-core
638 silly ADD node_modules/peer/node_modules/@types/body-parser
639 silly ADD node_modules/peer/node_modules/yargs
640 silly ADD node_modules/peer/node_modules/ws
641 silly ADD node_modules/peer/node_modules/node-fetch
642 silly ADD node_modules/peer/node_modules/express
643 silly ADD node_modules/peer/node_modules/cors
644 silly ADD node_modules/peer/node_modules/@types/ws
645 silly ADD node_modules/peer/node_modules/@types/express
646 timing command:i Completed in 3433ms
647 verbose exit 0
648 timing npm Completed in 3765ms
649 info ok
