0 verbose cli /home/ubuntu/.nvm/versions/node/v20.4.0/bin/node /home/ubuntu/.nvm/versions/node/v20.4.0/bin/npm
1 info using npm@9.7.2
2 info using node@v20.4.0
3 timing npm:load:whichnode Completed in 26ms
4 timing config:load:defaults Completed in 2ms
5 timing config:load:file:/home/ubuntu/.nvm/versions/node/v20.4.0/lib/node_modules/npm/npmrc Completed in 6ms
6 timing config:load:builtin Completed in 6ms
7 timing config:load:cli Completed in 3ms
8 timing config:load:env Completed in 1ms
9 timing config:load:project Completed in 4ms
10 timing config:load:file:/home/ubuntu/.npmrc Completed in 1ms
11 timing config:load:user Completed in 1ms
12 timing config:load:file:/home/ubuntu/.nvm/versions/node/v20.4.0/etc/npmrc Completed in 3ms
13 timing config:load:global Completed in 3ms
14 timing config:load:setEnvs Completed in 1ms
15 timing config:load Completed in 21ms
16 timing npm:load:configload Completed in 22ms
17 timing config:load:flatten Completed in 7ms
18 timing npm:load:mkdirpcache Completed in 6ms
19 timing npm:load:mkdirplogs Completed in 0ms
20 verbose title npm uninstall pm2-windows-service
21 verbose argv "uninstall" "pm2-windows-service" "--global"
22 timing npm:load:setTitle Completed in 1ms
23 timing npm:load:display Completed in 1ms
24 verbose logfile logs-max:10 dir:/home/ubuntu/.npm/_logs/2023-08-02T13_37_33_613Z-
25 verbose logfile /home/ubuntu/.npm/_logs/2023-08-02T13_37_33_613Z-debug-0.log
26 timing npm:load:logFile Completed in 22ms
27 timing npm:load:timers Completed in 0ms
28 timing npm:load:configScope Completed in 0ms
29 timing npm:load Completed in 111ms
30 timing config:load:flatten Completed in 0ms
31 timing arborist:ctor Completed in 1ms
32 silly logfile done cleaning log files
33 timing idealTree:init Completed in 14ms
34 timing idealTree:userRequests Completed in 0ms
35 silly idealTree buildDeps
36 timing idealTree:#root Completed in 1ms
37 timing idealTree:buildDeps Completed in 5ms
38 timing idealTree:fixDepFlags Completed in 1ms
39 timing idealTree Completed in 21ms
40 timing reify:loadTrees Completed in 24ms
41 timing reify:diffTrees Completed in 0ms
42 silly reify moves {}
43 timing reify:retireShallow Completed in 1ms
44 timing reify:createSparse Completed in 0ms
45 timing reify:loadBundles Completed in 0ms
46 timing reify:unpack Completed in 0ms
47 timing reify:unretire Completed in 0ms
48 timing build:queue Completed in 0ms
49 timing build:deps Completed in 1ms
50 timing build Completed in 1ms
51 timing reify:build Completed in 1ms
52 timing reify:trash Completed in 0ms
53 timing reify Completed in 52ms
54 timing command:uninstall Completed in 63ms
55 verbose exit 0
56 timing npm Completed in 404ms
57 info ok
